2015-03-09 17:15:27,984 - Velocimacro : allowInlineToOverride = false : VMs defined inline may NOT replace previous VM definitions
2015-03-09 17:15:27,984 - Velocimacro : allowInlineLocal = false : VMs defined inline will be global in scope if allowed.
2015-03-09 17:15:27,984 - Velocimacro : autoload off : VM system will not automatically reload global library macros
2015-03-09 17:15:27,984 - ResourceManager : found 5904a475a6940959cfa438216f63634dc2013750.question with loader org.apache.velocity.runtime.resource.loader.FileResourceLoader
2015-03-09 17:15:28,271 - Log4JLogChute initialized using file 'velocity.log'
2015-03-09 17:15:28,271 - Starting Apache Velocity v1.5 (compiled: 2007-02-22 08:52:29)
2015-03-09 17:15:28,271 - Default Properties File: org\apache\velocity\runtime\defaults\velocity.properties
2015-03-09 17:15:28,271 - Trying to use logger class org.apache.velocity.runtime.log.AvalonLogChute
2015-03-09 17:15:28,271 - Couldn't find class org.apache.velocity.runtime.log.AvalonLogChute or necessary supporting classes in classpath.
java.lang.NoClassDefFoundError: org/apache/log/format/Formatter
	at java.lang.Class.forName0(Native Method)
	at java.lang.Class.forName(Unknown Source)
	at org.apache.velocity.util.ClassUtils.getClass(ClassUtils.java:63)
	at org.apache.velocity.util.ClassUtils.getNewInstance(ClassUtils.java:95)
	at org.apache.velocity.runtime.log.LogManager.createLogChute(LogManager.java:147)
	at org.apache.velocity.runtime.log.LogManager.updateLog(LogManager.java:208)
	at org.apache.velocity.runtime.RuntimeInstance.initializeLog(RuntimeInstance.java:728)
	at org.apache.velocity.runtime.RuntimeInstance.init(RuntimeInstance.java:240)
	at org.apache.velocity.runtime.RuntimeSingleton.init(RuntimeSingleton.java:113)
	at org.apache.velocity.app.Velocity.init(Velocity.java:83)
	at com.amazonaws.mturk.util.VelocityUtil.doMerge(VelocityUtil.java:34)
	at com.amazonaws.mturk.addon.HITProperties.getLifetime(HITProperties.java:243)
	at com.amazonaws.mturk.service.axis.RequesterService.createHITs(RequesterService.java:1522)
	at com.amazonaws.mturk.service.axis.RequesterService.createHITs(RequesterService.java:1403)
	at mturk.nerHit.createHIT(nerHit.java:80)
	at mturk.nerHit.getFolders(nerHit.java:57)
	at mturk.HTMLpage.main(HTMLpage.java:39)
Caused by: java.lang.ClassNotFoundException: org.apache.log.format.Formatter
	at java.net.URLClassLoader$1.run(Unknown Source)
	at java.net.URLClassLoader$1.run(Unknown Source)
	at java.security.AccessController.doPrivileged(Native Method)
	at java.net.URLClassLoader.findClass(Unknown Source)
	at java.lang.ClassLoader.loadClass(Unknown Source)
	at sun.misc.Launcher$AppClassLoader.loadClass(Unknown Source)
	at java.lang.ClassLoader.loadClass(Unknown Source)
	... 17 more
2015-03-09 17:15:28,271 - Trying to use logger class org.apache.velocity.runtime.log.Log4JLogChute
2015-03-09 17:15:28,271 - Using logger class org.apache.velocity.runtime.log.Log4JLogChute
2015-03-09 17:15:28,271 - Default ResourceManager initializing. (class org.apache.velocity.runtime.resource.ResourceManagerImpl)
2015-03-09 17:15:28,271 - ResourceLoader instantiated: org.apache.velocity.runtime.resource.loader.FileResourceLoader
2015-03-09 17:15:28,271 - Do unicode file recognition:  false
2015-03-09 17:15:28,271 - FileResourceLoader : adding path '.'
2015-03-09 17:15:28,271 - ResourceCache: initialized (class org.apache.velocity.runtime.resource.ResourceCacheImpl)
2015-03-09 17:15:28,271 - Loaded System Directive: org.apache.velocity.runtime.directive.Literal
2015-03-09 17:15:28,271 - Loaded System Directive: org.apache.velocity.runtime.directive.Macro
2015-03-09 17:15:28,271 - Loaded System Directive: org.apache.velocity.runtime.directive.Parse
2015-03-09 17:15:28,271 - Loaded System Directive: org.apache.velocity.runtime.directive.Include
2015-03-09 17:15:28,271 - Loaded System Directive: org.apache.velocity.runtime.directive.Foreach
2015-03-09 17:15:28,271 - Created '20' parsers.
2015-03-09 17:15:28,271 - Velocimacro : "velocimacro.library" is not set.  Trying default library: VM_global_library.vm
2015-03-09 17:15:28,271 - Velocimacro : Default library not found.
2015-03-09 17:15:28,271 - Velocimacro : allowInline = true : VMs can be defined inline in templates
2015-03-09 17:15:28,271 - Velocimacro : allowInlineToOverride = false : VMs defined inline may NOT replace previous VM definitions
2015-03-09 17:15:28,271 - Velocimacro : allowInlineLocal = false : VMs defined inline will be global in scope if allowed.
2015-03-09 17:15:28,271 - Velocimacro : autoload off : VM system will not automatically reload global library macros
 17:15:28,271 - Trying to use logger class org.apache.velocity.runtime.log.Log4JLogChute
2015-03-09 17:15:28,271 - Using logger class org.apache.velocity.runtime.log.Log4JLogChute
2015-03-09 17:15:28,271 - Default ResourceManager initializing. (class org.apache.velocity.runtime.resource.ResourceManagerImpl)
2015-03-09 17:15:28,271 - ResourceLoader instantiated: org.apache.velocity.runtime.resource.loader.FileResourceLoader
2015-03-09 17:15:28,271 - Do unicode file recognition:  false
2015-03-09 17:15:28,271 - FileResourceLoader : adding path '.'
2015-03-09 17:15:28,271 - ResourceCache: initialized (class org.apache.velocity.runtime.resource.ResourceCacheImpl)
2015-03-09 17:15:28,271 - Loaded System Directive: org.apache.velocity.runtime.directive.Literal
2015-03-09 17:15:28,271 - Loaded System Directive: org.apache.velocity.runtime.directive.Macro
2015-03-09 17:15:28,271 - Loaded System Directive: org.apache.velocity.runtime.directive.Parse
2015-03-09 17:15:28,271 - Loaded System Directive: org.apache.velocity.runtime.directive.Include
2015-03-09 17:15:28,271 - Loaded System Directive: org.apache.velocity.runtime.directive.Foreach
2015-03-09 17:15:28,271 - Created '20' parsers.
2015-03-09 17:15:28,271 - Velocimacro : "velocimacro.library" is not set.  Trying default library: VM_global_library.vm
2015-03-09 17:15:28,271 - Velocimacro : Default library not found.
2015-03-09 17:15:28,271 - Velocimacro : allowInline = true : VMs can be defined inline in templates
2015-03-09 17:15:28,271 - Velocimacro : allowInlineToOverride = false : VMs defined inline may NOT replace previous VM definitions
2015-03-09 17:15:28,271 - Velocimacro : allowInlineLocal = false : VMs defined inline will be global in scope if allowed.
2015-03-09 17:15:28,271 - Velocimacro : autoload off : VM system will not automatically reload global library macros
2015-03-09 17:20:49,879 - Log4JLogChute initialized using file 'velocity.log'
2015-03-09 17:20:49,880 - Starting Apache Velocity v1.5 (compiled: 2007-02-22 08:52:29)
2015-03-09 17:20:49,880 - Default Properties File: org\apache\velocity\runtime\defaults\velocity.properties
2015-03-09 17:20:49,880 - Trying to use logger class org.apache.velocity.runtime.log.AvalonLogChute
2015-03-09 17:20:49,880 - Couldn't find class org.apache.velocity.runtime.log.AvalonLogChute or necessary supporting classes in classpath.
java.lang.NoClassDefFoundError: org/apache/log/format/Formatter
	at java.lang.Class.forName0(Native Method)
	at java.lang.Class.forName(Unknown Source)
	at org.apache.velocity.util.ClassUtils.getClass(ClassUtils.java:63)
	at org.apache.velocity.util.ClassUtils.getNewInstance(ClassUtils.java:95)
	at org.apache.velocity.runtime.log.LogManager.createLogChute(LogManager.java:147)
	at org.apache.velocity.runtime.log.LogManager.updateLog(LogManager.java:208)
	at org.apache.velocity.runtime.RuntimeInstance.initializeLog(RuntimeInstance.java:728)
	at org.apache.velocity.runtime.RuntimeInstance.init(RuntimeInstance.java:240)
	at org.apache.velocity.runtime.RuntimeInstance.init(RuntimeInstance.java:534)
	at org.apache.velocity.app.VelocityEngine.init(VelocityEngine.java:144)
	at com.amazonaws.mturk.addon.HITQuestion.<init>(HITQuestion.java:69)
	at mturk.nerHit.createHIT(nerHit.java:70)
	at mturk.nerHit.getFolders(nerHit.java:57)
	at mturk.HTMLpage.main(HTMLpage.java:41)
Caused by: java.lang.ClassNotFoundException: org.apache.log.format.Formatter
	at java.net.URLClassLoader$1.run(Unknown Source)
	at java.net.URLClassLoader$1.run(Unknown Source)
	at java.security.AccessController.doPrivileged(Native Method)
	at java.net.URLClassLoader.findClass(Unknown Source)
	at java.lang.ClassLoader.loadClass(Unknown Source)
	at sun.misc.Launcher$AppClassLoader.loadClass(Unknown Source)
	at java.lang.ClassLoader.loadClass(Unknown Source)
	... 14 more
2015-03-09 17:20:49,881 - Trying to use logger class org.apache.velocity.runtime.log.Log4JLogChute
2015-03-09 17:20:49,881 - Using logger class org.apache.velocity.runtime.log.Log4JLogChute
2015-03-09 17:20:49,883 - Default ResourceManager initializing. (class org.apache.velocity.runtime.resource.ResourceManagerImpl)
2015-03-09 17:20:49,885 - ResourceLoader instantiated: org.apache.velocity.runtime.resource.loader.FileResourceLoader
2015-03-09 17:20:49,886 - Do unicode file recognition:  false
2015-03-09 17:20:49,886 - FileResourceLoader : adding path 'D:\mturk\NER\5904a475a6940959cfa438216f63634dc2013750'
2015-03-09 17:20:49,895 - ResourceCache: initialized (class org.apache.velocity.runtime.resource.ResourceCacheImpl)
2015-03-09 17:20:49,896 - Loaded System Directive: org.apache.velocity.runtime.directive.Literal
2015-03-09 17:20:49,896 - Loaded System Directive: org.apache.velocity.runtime.directive.Macro
2015-03-09 17:20:49,898 - Loaded System Directive: org.apache.velocity.runtime.directive.Parse
2015-03-09 17:20:49,898 - Loaded System Directive: org.apache.velocity.runtime.directive.Include
2015-03-09 17:20:49,899 - Loaded System Directive: org.apache.velocity.runtime.directive.Foreach
2015-03-09 17:20:49,916 - Created '20' parsers.
2015-03-09 17:20:49,920 - Velocimacro : "velocimacro.library" is not set.  Trying default library: VM_global_library.vm
2015-03-09 17:20:49,921 - Velocimacro : Default library not found.
2015-03-09 17:20:49,921 - Velocimacro : allowInline = true : VMs can be defined inline in templates
2015-03-09 17:20:49,921 - Velocimacro : allowInlineToOverride = false : VMs defined inline may NOT replace previous VM definitions
2015-03-09 17:20:49,921 - Velocimacro : allowInlineLocal = false : VMs defined inline will be global in scope if allowed.
2015-03-09 17:20:49,921 - Velocimacro : autoload off : VM system will not automatically reload global library macros
2015-03-09 17:20:49,925 - ResourceManager : found 5904a475a6940959cfa438216f63634dc2013750.question with loader org.apache.velocity.runtime.resource.loader.FileResourceLoader
2015-03-09 17:20:50,209 - Log4JLogChute initialized using file 'velocity.log'
2015-03-09 17:20:50,209 - Log4JLogChute initialized using file 'velocity.log'
2015-03-09 17:20:50,209 - Starting Apache Velocity v1.5 (compiled: 2007-02-22 08:52:29)
2015-03-09 17:20:50,209 - Starting Apache Velocity v1.5 (compiled: 2007-02-22 08:52:29)
2015-03-09 17:20:50,209 - Default Properties File: org\apache\velocity\runtime\defaults\velocity.properties
2015-03-09 17:20:50,209 - Default Properties File: org\apache\velocity\runtime\defaults\velocity.properties
2015-03-09 17:20:50,209 - Trying to use logger class org.apache.velocity.runtime.log.AvalonLogChute
2015-03-09 17:20:50,209 - Trying to use logger class org.apache.velocity.runtime.log.AvalonLogChute
2015-03-09 17:20:50,209 - Couldn't find class org.apache.velocity.runtime.log.AvalonLogChute or necessary supporting classes in classpath.
java.lang.NoClassDefFoundError: org/apache/log/format/Formatter
	at java.lang.Class.forName0(Native Method)
	at java.lang.Class.forName(Unknown Source)
	at org.apache.velocity.util.ClassUtils.getClass(ClassUtils.java:63)
	at org.apache.velocity.util.ClassUtils.getNewInstance(ClassUtils.java:95)
	at org.apache.velocity.runtime.log.LogManager.createLogChute(LogManager.java:147)
	at org.apache.velocity.runtime.log.LogManager.updateLog(LogManager.java:208)
	at org.apache.velocity.runtime.RuntimeInstance.initializeLog(RuntimeInstance.java:728)
	at org.apache.velocity.runtime.RuntimeInstance.init(RuntimeInstance.java:240)
	at org.apache.velocity.runtime.RuntimeSingleton.init(RuntimeSingleton.java:113)
	at org.apache.velocity.app.Velocity.init(Velocity.java:83)
	at com.amazonaws.mturk.util.VelocityUtil.doMerge(VelocityUtil.java:34)
	at com.amazonaws.mturk.addon.HITProperties.getLifetime(HITProperties.java:243)
	at com.amazonaws.mturk.service.axis.RequesterService.createHITs(RequesterService.java:1522)
	at com.amazonaws.mturk.service.axis.RequesterService.createHITs(RequesterService.java:1403)
	at mturk.nerHit.createHIT(nerHit.java:80)
	at mturk.nerHit.getFolders(nerHit.java:57)
	at mturk.HTMLpage.main(HTMLpage.java:41)
Caused by: java.lang.ClassNotFoundException: org.apache.log.format.Formatter
	at java.net.URLClassLoader$1.run(Unknown Source)
	at java.net.URLClassLoader$1.run(Unknown Source)
	at java.security.AccessController.doPrivileged(Native Method)
	at java.net.URLClassLoader.findClass(Unknown Source)
	at java.lang.ClassLoader.loadClass(Unknown Source)
	at sun.misc.Launcher$AppClassLoader.loadClass(Unknown Source)
	at java.lang.ClassLoader.loadClass(Unknown Source)
	... 17 more
2015-03-09 17:20:50,209 - Couldn't find class org.apache.velocity.runtime.log.AvalonLogChute or necessary supporting classes in classpath.
java.lang.NoClassDefFoundError: org/apache/log/format/Formatter
	at java.lang.Class.forName0(Native Method)
	at java.lang.Class.forName(Unknown Source)
	at org.apache.velocity.util.ClassUtils.getClass(ClassUtils.java:63)
	at org.apache.velocity.util.ClassUtils.getNewInstance(ClassUtils.java:95)
	at org.apache.velocity.runtime.log.LogManager.createLogChute(LogManager.java:147)
	at org.apache.velocity.runtime.log.LogManager.updateLog(LogManager.java:208)
	at org.apache.velocity.runtime.RuntimeInstance.initializeLog(RuntimeInstance.java:728)
	at org.apache.velocity.runtime.RuntimeInstance.init(RuntimeInstance.java:240)
	at org.apache.velocity.runtime.RuntimeSingleton.init(RuntimeSingleton.java:113)
	at org.apache.velocity.app.Velocity.init(Velocity.java:83)
	at com.amazonaws.mturk.util.VelocityUtil.doMerge(VelocityUtil.java:34)
	at com.amazonaws.mturk.addon.HITProperties.getLifetime(HITProperties.java:243)
	at com.amazonaws.mturk.service.axis.RequesterService.createHITs(RequesterService.java:1522)
	at com.amazonaws.mturk.service.axis.RequesterService.createHITs(RequesterService.java:1403)
	at mturk.nerHit.createHIT(nerHit.java:80)
	at mturk.nerHit.getFolders(nerHit.java:57)
	at mturk.HTMLpage.main(HTMLpage.java:41)
Caused by: java.lang.ClassNotFoundException: org.apache.log.format.Formatter
	at java.net.URLClassLoader$1.run(Unknown Source)
	at java.net.URLClassLoader$1.run(Unknown Source)
	at java.security.AccessController.doPrivileged(Native Method)
	at java.net.URLClassLoader.findClass(Unknown Source)
	at java.lang.ClassLoader.loadClass(Unknown Source)
	at sun.misc.Launcher$AppClassLoader.loadClass(Unknown Source)
	at java.lang.ClassLoader.loadClass(Unknown Source)
	... 17 more
2015-03-09 17:20:50,210 - Trying to use logger class org.apache.velocity.runtime.log.Log4JLogChute
2015-03-09 17:20:50,210 - Trying to use logger class org.apache.velocity.runtime.log.Log4JLogChute
2015-03-09 17:20:50,210 - Using logger class org.apache.velocity.runtime.log.Log4JLogChute
2015-03-09 17:20:50,210 - Using logger class org.apache.velocity.runtime.log.Log4JLogChute
2015-03-09 17:20:50,210 - Default ResourceManager initializing. (class org.apache.velocity.runtime.resource.ResourceManagerImpl)
2015-03-09 17:20:50,210 - Default ResourceManager initializing. (class org.apache.velocity.runtime.resource.ResourceManagerImpl)
2015-03-09 17:20:50,211 - ResourceLoader instantiated: org.apache.velocity.runtime.resource.loader.FileResourceLoader
2015-03-09 17:20:50,211 - ResourceLoader instantiated: org.apache.velocity.runtime.resource.loader.FileResourceLoader
2015-03-09 17:20:50,211 - Do unicode file recognition:  false
2015-03-09 17:20:50,211 - Do unicode file recognition:  false
2015-03-09 17:20:50,211 - FileResourceLoader : adding path '.'
2015-03-09 17:20:50,211 - FileResourceLoader : adding path '.'
2015-03-09 17:20:50,211 - ResourceCache: initialized (class org.apache.velocity.runtime.resource.ResourceCacheImpl)
2015-03-09 17:20:50,211 - ResourceCache: initialized (class org.apache.velocity.runtime.resource.ResourceCacheImpl)
2015-03-09 17:20:50,212 - Loaded System Directive: org.apache.velocity.runtime.directive.Literal
2015-03-09 17:20:50,212 - Loaded System Directive: org.apache.velocity.runtime.directive.Literal
2015-03-09 17:20:50,212 - Loaded System Directive: org.apache.velocity.runtime.directive.Macro
2015-03-09 17:20:50,212 - Loaded System Directive: org.apache.velocity.runtime.directive.Macro
2015-03-09 17:20:50,212 - Loaded System Directive: org.apache.velocity.runtime.directive.Parse
2015-03-09 17:20:50,212 - Loaded System Directive: org.apache.velocity.runtime.directive.Parse
2015-03-09 17:20:50,212 - Loaded System Directive: org.apache.velocity.runtime.directive.Include
2015-03-09 17:20:50,212 - Loaded System Directive: org.apache.velocity.runtime.directive.Include
2015-03-09 17:20:50,212 - Loaded System Directive: org.apache.velocity.runtime.directive.Foreach
2015-03-09 17:20:50,212 - Loaded System Directive: org.apache.velocity.runtime.directive.Foreach
2015-03-09 17:20:50,213 - Created '20' parsers.
2015-03-09 17:20:50,213 - Created '20' parsers.
2015-03-09 17:20:50,213 - Velocimacro : "velocimacro.library" is not set.  Trying default library: VM_global_library.vm
2015-03-09 17:20:50,213 - Velocimacro : "velocimacro.library" is not set.  Trying default library: VM_global_library.vm
2015-03-09 17:20:50,213 - Velocimacro : Default library not found.
2015-03-09 17:20:50,213 - Velocimacro : Default library not found.
2015-03-09 17:20:50,213 - Velocimacro : allowInline = true : VMs can be defined inline in templates
2015-03-09 17:20:50,213 - Velocimacro : allowInline = true : VMs can be defined inline in templates
2015-03-09 17:20:50,213 - Velocimacro : allowInlineToOverride = false : VMs defined inline may NOT replace previous VM definitions
2015-03-09 17:20:50,213 - Velocimacro : allowInlineToOverride = false : VMs defined inline may NOT replace previous VM definitions
2015-03-09 17:20:50,213 - Velocimacro : allowInlineLocal = false : VMs defined inline will be global in scope if allowed.
2015-03-09 17:20:50,213 - Velocimacro : allowInlineLocal = false : VMs defined inline will be global in scope if allowed.
2015-03-09 17:20:50,213 - Velocimacro : autoload off : VM system will not automatically reload global library macros
2015-03-09 17:20:50,213 - Velocimacro : autoload off : VM system will not automatically reload global library macros
2015-03-11 00:54:46,335 - Log4JLogChute initialized using file 'velocity.log'
2015-03-11 00:54:46,335 - Starting Apache Velocity v1.5 (compiled: 2007-02-22 08:52:29)
2015-03-11 00:54:46,335 - Default Properties File: org\apache\velocity\runtime\defaults\velocity.properties
2015-03-11 00:54:46,335 - Trying to use logger class org.apache.velocity.runtime.log.AvalonLogChute
2015-03-11 00:54:46,335 - Couldn't find class org.apache.velocity.runtime.log.AvalonLogChute or necessary supporting classes in classpath.
java.lang.NoClassDefFoundError: org/apache/log/format/Formatter
	at java.lang.Class.forName0(Native Method)
	at java.lang.Class.forName(Unknown Source)
	at org.apache.velocity.util.ClassUtils.getClass(ClassUtils.java:63)
	at org.apache.velocity.util.ClassUtils.getNewInstance(ClassUtils.java:95)
	at org.apache.velocity.runtime.log.LogManager.createLogChute(LogManager.java:147)
	at org.apache.velocity.runtime.log.LogManager.updateLog(LogManager.java:208)
	at org.apache.velocity.runtime.RuntimeInstance.initializeLog(RuntimeInstance.java:728)
	at org.apache.velocity.runtime.RuntimeInstance.init(RuntimeInstance.java:240)
	at org.apache.velocity.runtime.RuntimeInstance.init(RuntimeInstance.java:534)
	at org.apache.velocity.app.VelocityEngine.init(VelocityEngine.java:144)
	at com.amazonaws.mturk.addon.HITQuestion.<init>(HITQuestion.java:69)
	at mturk.nerHit.createHIT(nerHit.java:105)
	at mturk.nerHit.getFolders(nerHit.java:95)
	at mturk.HTMLpage.main(HTMLpage.java:56)
Caused by: java.lang.ClassNotFoundException: org.apache.log.format.Formatter
	at java.net.URLClassLoader$1.run(Unknown Source)
	at java.net.URLClassLoader$1.run(Unknown Source)
	at java.security.AccessController.doPrivileged(Native Method)
	at java.net.URLClassLoader.findClass(Unknown Source)
	at java.lang.ClassLoader.loadClass(Unknown Source)
	at sun.misc.Launcher$AppClassLoader.loadClass(Unknown Source)
	at java.lang.ClassLoader.loadClass(Unknown Source)
	... 14 more
2015-03-11 00:54:46,335 - Trying to use logger class org.apache.velocity.runtime.log.Log4JLogChute
2015-03-11 00:54:46,335 - Using logger class org.apache.velocity.runtime.log.Log4JLogChute
2015-03-11 00:54:46,335 - Default ResourceManager initializing. (class org.apache.velocity.runtime.resource.ResourceManagerImpl)
2015-03-11 00:54:46,335 - ResourceLoader instantiated: org.apache.velocity.runtime.resource.loader.FileResourceLoader
2015-03-11 00:54:46,335 - Do unicode file recognition:  false
2015-03-11 00:54:46,335 - FileResourceLoader : adding path 'https:\s3-us-west-2.amazonaws.com\aisoftwareresearch\ner\5904a475a6940959cfa438216f63634dc2013750'
2015-03-11 00:54:46,350 - ResourceCache: initialized (class org.apache.velocity.runtime.resource.ResourceCacheImpl)
2015-03-11 00:54:46,350 - Loaded System Directive: org.apache.velocity.runtime.directive.Literal
2015-03-11 00:54:46,350 - Loaded System Directive: org.apache.velocity.runtime.directive.Macro
2015-03-11 00:54:46,350 - Loaded System Directive: org.apache.velocity.runtime.directive.Parse
2015-03-11 00:54:46,350 - Loaded System Directive: org.apache.velocity.runtime.directive.Include
2015-03-11 00:54:46,350 - Loaded System Directive: org.apache.velocity.runtime.directive.Foreach
2015-03-11 00:54:46,366 - Created '20' parsers.
2015-03-11 00:54:46,382 - Velocimacro : "velocimacro.library" is not set.  Trying default library: VM_global_library.vm
2015-03-11 00:54:46,382 - Velocimacro : Default library not found.
2015-03-11 00:54:46,382 - Velocimacro : allowInline = true : VMs can be defined inline in templates
2015-03-11 00:54:46,382 - Velocimacro : allowInlineToOverride = false : VMs defined inline may NOT replace previous VM definitions
2015-03-11 00:54:46,382 - Velocimacro : allowInlineLocal = false : VMs defined inline will be global in scope if allowed.
2015-03-11 00:54:46,382 - Velocimacro : autoload off : VM system will not automatically reload global library macros
2015-03-11 00:54:46,382 - ResourceManager : unable to find resource '5904a475a6940959cfa438216f63634dc2013750.question' in any resource loader.
2015-03-11 00:56:17,790 - Log4JLogChute initialized using file 'velocity.log'
2015-03-11 00:56:17,790 - Starting Apache Velocity v1.5 (compiled: 2007-02-22 08:52:29)
2015-03-11 00:56:17,790 - Default Properties File: org\apache\velocity\runtime\defaults\velocity.properties
2015-03-11 00:56:17,790 - Trying to use logger class org.apache.velocity.runtime.log.AvalonLogChute
2015-03-11 00:56:17,790 - Couldn't find class org.apache.velocity.runtime.log.AvalonLogChute or necessary supporting classes in classpath.
java.lang.NoClassDefFoundError: org/apache/log/format/Formatter
	at java.lang.Class.forName0(Native Method)
	at java.lang.Class.forName(Unknown Source)
	at org.apache.velocity.util.ClassUtils.getClass(ClassUtils.java:63)
	at org.apache.velocity.util.ClassUtils.getNewInstance(ClassUtils.java:95)
	at org.apache.velocity.runtime.log.LogManager.createLogChute(LogManager.java:147)
	at org.apache.velocity.runtime.log.LogManager.updateLog(LogManager.java:208)
	at org.apache.velocity.runtime.RuntimeInstance.initializeLog(RuntimeInstance.java:728)
	at org.apache.velocity.runtime.RuntimeInstance.init(RuntimeInstance.java:240)
	at org.apache.velocity.runtime.RuntimeInstance.init(RuntimeInstance.java:534)
	at org.apache.velocity.app.VelocityEngine.init(VelocityEngine.java:144)
	at com.amazonaws.mturk.addon.HITQuestion.<init>(HITQuestion.java:69)
	at mturk.nerHit.createHIT(nerHit.java:105)
	at mturk.nerHit.getFolders(nerHit.java:95)
	at mturk.HTMLpage.main(HTMLpage.java:56)
Caused by: java.lang.ClassNotFoundException: org.apache.log.format.Formatter
	at java.net.URLClassLoader$1.run(Unknown Source)
	at java.net.URLClassLoader$1.run(Unknown Source)
	at java.security.AccessController.doPrivileged(Native Method)
	at java.net.URLClassLoader.findClass(Unknown Source)
	at java.lang.ClassLoader.loadClass(Unknown Source)
	at sun.misc.Launcher$AppClassLoader.loadClass(Unknown Source)
	at java.lang.ClassLoader.loadClass(Unknown Source)
	... 14 more
2015-03-11 00:56:17,806 - Trying to use logger class org.apache.velocity.runtime.log.Log4JLogChute
2015-03-11 00:56:17,806 - Using logger class org.apache.velocity.runtime.log.Log4JLogChute
2015-03-11 00:56:17,806 - Default ResourceManager initializing. (class org.apache.velocity.runtime.resource.ResourceManagerImpl)
2015-03-11 00:56:17,806 - ResourceLoader instantiated: org.apache.velocity.runtime.resource.loader.FileResourceLoader
2015-03-11 00:56:17,806 - Do unicode file recognition:  false
2015-03-11 00:56:17,806 - FileResourceLoader : adding path 'https:\s3-us-west-2.amazonaws.com\aisoftwareresearch\ner\5904a475a6940959cfa438216f63634dc2013750'
2015-03-11 00:56:17,822 - ResourceCache: initialized (class org.apache.velocity.runtime.resource.ResourceCacheImpl)
2015-03-11 00:56:17,822 - Loaded System Directive: org.apache.velocity.runtime.directive.Literal
2015-03-11 00:56:17,822 - Loaded System Directive: org.apache.velocity.runtime.directive.Macro
2015-03-11 00:56:17,822 - Loaded System Directive: org.apache.velocity.runtime.directive.Parse
2015-03-11 00:56:17,822 - Loaded System Directive: org.apache.velocity.runtime.directive.Include
2015-03-11 00:56:17,822 - Loaded System Directive: org.apache.velocity.runtime.directive.Foreach
2015-03-11 00:56:17,837 - Created '20' parsers.
2015-03-11 00:56:17,853 - Velocimacro : "velocimacro.library" is not set.  Trying default library: VM_global_library.vm
2015-03-11 00:56:17,853 - Velocimacro : Default library not found.
2015-03-11 00:56:17,853 - Velocimacro : allowInline = true : VMs can be defined inline in templates
2015-03-11 00:56:17,853 - Velocimacro : allowInlineToOverride = false : VMs defined inline may NOT replace previous VM definitions
2015-03-11 00:56:17,853 - Velocimacro : allowInlineLocal = false : VMs defined inline will be global in scope if allowed.
2015-03-11 00:56:17,853 - Velocimacro : autoload off : VM system will not automatically reload global library macros
2015-03-11 00:56:17,853 - ResourceManager : unable to find resource '5904a475a6940959cfa438216f63634dc2013750.question' in any resource loader.
2015-03-12 21:02:11,200 - Log4JLogChute initialized using file 'velocity.log'
2015-03-12 21:02:11,200 - Starting Apache Velocity v1.5 (compiled: 2007-02-22 08:52:29)
2015-03-12 21:02:11,200 - Default Properties File: org\apache\velocity\runtime\defaults\velocity.properties
2015-03-12 21:02:11,200 - Trying to use logger class org.apache.velocity.runtime.log.AvalonLogChute
2015-03-12 21:02:11,200 - Couldn't find class org.apache.velocity.runtime.log.AvalonLogChute or necessary supporting classes in classpath.
java.lang.NoClassDefFoundError: org/apache/log/format/Formatter
	at java.lang.Class.forName0(Native Method)
	at java.lang.Class.forName(Unknown Source)
	at org.apache.velocity.util.ClassUtils.getClass(ClassUtils.java:63)
	at org.apache.velocity.util.ClassUtils.getNewInstance(ClassUtils.java:95)
	at org.apache.velocity.runtime.log.LogManager.createLogChute(LogManager.java:147)
	at org.apache.velocity.runtime.log.LogManager.updateLog(LogManager.java:208)
	at org.apache.velocity.runtime.RuntimeInstance.initializeLog(RuntimeInstance.java:728)
	at org.apache.velocity.runtime.RuntimeInstance.init(RuntimeInstance.java:240)
	at org.apache.velocity.runtime.RuntimeSingleton.init(RuntimeSingleton.java:113)
	at org.apache.velocity.app.Velocity.init(Velocity.java:83)
	at com.amazonaws.mturk.util.VelocityUtil.doMerge(VelocityUtil.java:34)
	at com.amazonaws.mturk.addon.HITProperties.getLifetime(HITProperties.java:243)
	at com.amazonaws.mturk.service.axis.RequesterService.createHITs(RequesterService.java:1522)
	at com.amazonaws.mturk.service.axis.RequesterService.createHITs(RequesterService.java:1403)
	at mturk.nerHit.createHIT(nerHit.java:198)
	at mturk.nerHit.getFolders(nerHit.java:102)
	at mturk.HTMLpage.main(HTMLpage.java:56)
Caused by: java.lang.ClassNotFoundException: org.apache.log.format.Formatter
	at java.net.URLClassLoader$1.run(Unknown Source)
	at java.net.URLClassLoader$1.run(Unknown Source)
	at java.security.AccessController.doPrivileged(Native Method)
	at java.net.URLClassLoader.findClass(Unknown Source)
	at java.lang.ClassLoader.loadClass(Unknown Source)
	at sun.misc.Launcher$AppClassLoader.loadClass(Unknown Source)
	at java.lang.ClassLoader.loadClass(Unknown Source)
	... 17 more
2015-03-12 21:02:11,200 - Trying to use logger class org.apache.velocity.runtime.log.Log4JLogChute
2015-03-12 21:02:11,200 - Using logger class org.apache.velocity.runtime.log.Log4JLogChute
2015-03-12 21:02:11,205 - Default ResourceManager initializing. (class org.apache.velocity.runtime.resource.ResourceManagerImpl)
2015-03-12 21:02:11,205 - ResourceLoader instantiated: org.apache.velocity.runtime.resource.loader.FileResourceLoader
2015-03-12 21:02:11,210 - Do unicode file recognition:  false
2015-03-12 21:02:11,210 - FileResourceLoader : adding path '.'
2015-03-12 21:02:11,220 - ResourceCache: initialized (class org.apache.velocity.runtime.resource.ResourceCacheImpl)
2015-03-12 21:02:11,220 - Loaded System Directive: org.apache.velocity.runtime.directive.Literal
2015-03-12 21:02:11,220 - Loaded System Directive: org.apache.velocity.runtime.directive.Macro
2015-03-12 21:02:11,225 - Loaded System Directive: org.apache.velocity.runtime.directive.Parse
2015-03-12 21:02:11,225 - Loaded System Directive: org.apache.velocity.runtime.directive.Include
2015-03-12 21:02:11,225 - Loaded System Directive: org.apache.velocity.runtime.directive.Foreach
2015-03-12 21:02:11,240 - Created '20' parsers.
2015-03-12 21:02:11,245 - Velocimacro : "velocimacro.library" is not set.  Trying default library: VM_global_library.vm
2015-03-12 21:02:11,245 - Velocimacro : Default library not found.
2015-03-12 21:02:11,245 - Velocimacro : allowInline = true : VMs can be defined inline in templates
2015-03-12 21:02:11,245 - Velocimacro : allowInlineToOverride = false : VMs defined inline may NOT replace previous VM definitions
2015-03-12 21:02:11,245 - Velocimacro : allowInlineLocal = false : VMs defined inline will be global in scope if allowed.
2015-03-12 21:02:11,245 - Velocimacro : autoload off : VM system will not automatically reload global library macros
2015-03-12 21:03:19,709 - Log4JLogChute initialized using file 'velocity.log'
2015-03-12 21:03:19,709 - Starting Apache Velocity v1.5 (compiled: 2007-02-22 08:52:29)
2015-03-12 21:03:19,709 - Default Properties File: org\apache\velocity\runtime\defaults\velocity.properties
2015-03-12 21:03:19,709 - Trying to use logger class org.apache.velocity.runtime.log.AvalonLogChute
2015-03-12 21:03:19,709 - Couldn't find class org.apache.velocity.runtime.log.AvalonLogChute or necessary supporting classes in classpath.
java.lang.NoClassDefFoundError: org/apache/log/format/Formatter
	at java.lang.Class.forName0(Native Method)
	at java.lang.Class.forName(Unknown Source)
	at org.apache.velocity.util.ClassUtils.getClass(ClassUtils.java:63)
	at org.apache.velocity.util.ClassUtils.getNewInstance(ClassUtils.java:95)
	at org.apache.velocity.runtime.log.LogManager.createLogChute(LogManager.java:147)
	at org.apache.velocity.runtime.log.LogManager.updateLog(LogManager.java:208)
	at org.apache.velocity.runtime.RuntimeInstance.initializeLog(RuntimeInstance.java:728)
	at org.apache.velocity.runtime.RuntimeInstance.init(RuntimeInstance.java:240)
	at org.apache.velocity.runtime.RuntimeSingleton.init(RuntimeSingleton.java:113)
	at org.apache.velocity.app.Velocity.init(Velocity.java:83)
	at com.amazonaws.mturk.util.VelocityUtil.doMerge(VelocityUtil.java:34)
	at com.amazonaws.mturk.addon.HITProperties.getLifetime(HITProperties.java:243)
	at com.amazonaws.mturk.service.axis.RequesterService.createHITs(RequesterService.java:1522)
	at com.amazonaws.mturk.service.axis.RequesterService.createHITs(RequesterService.java:1403)
	at mturk.nerHit.createHIT(nerHit.java:199)
	at mturk.nerHit.getFolders(nerHit.java:102)
	at mturk.HTMLpage.main(HTMLpage.java:56)
Caused by: java.lang.ClassNotFoundException: org.apache.log.format.Formatter
	at java.net.URLClassLoader$1.run(Unknown Source)
	at java.net.URLClassLoader$1.run(Unknown Source)
	at java.security.AccessController.doPrivileged(Native Method)
	at java.net.URLClassLoader.findClass(Unknown Source)
	at java.lang.ClassLoader.loadClass(Unknown Source)
	at sun.misc.Launcher$AppClassLoader.loadClass(Unknown Source)
	at java.lang.ClassLoader.loadClass(Unknown Source)
	... 17 more
2015-03-12 21:03:19,714 - Trying to use logger class org.apache.velocity.runtime.log.Log4JLogChute
2015-03-12 21:03:19,714 - Using logger class org.apache.velocity.runtime.log.Log4JLogChute
2015-03-12 21:03:19,714 - Default ResourceManager initializing. (class org.apache.velocity.runtime.resource.ResourceManagerImpl)
2015-03-12 21:03:19,714 - ResourceLoader instantiated: org.apache.velocity.runtime.resource.loader.FileResourceLoader
2015-03-12 21:03:19,719 - Do unicode file recognition:  false
2015-03-12 21:03:19,719 - FileResourceLoader : adding path '.'
2015-03-12 21:03:19,724 - ResourceCache: initialized (class org.apache.velocity.runtime.resource.ResourceCacheImpl)
2015-03-12 21:03:19,729 - Loaded System Directive: org.apache.velocity.runtime.directive.Literal
2015-03-12 21:03:19,729 - Loaded System Directive: org.apache.velocity.runtime.directive.Macro
2015-03-12 21:03:19,729 - Loaded System Directive: org.apache.velocity.runtime.directive.Parse
2015-03-12 21:03:19,729 - Loaded System Directive: org.apache.velocity.runtime.directive.Include
2015-03-12 21:03:19,729 - Loaded System Directive: org.apache.velocity.runtime.directive.Foreach
2015-03-12 21:03:19,749 - Created '20' parsers.
2015-03-12 21:03:19,749 - Velocimacro : "velocimacro.library" is not set.  Trying default library: VM_global_library.vm
2015-03-12 21:03:19,754 - Velocimacro : Default library not found.
2015-03-12 21:03:19,754 - Velocimacro : allowInline = true : VMs can be defined inline in templates
2015-03-12 21:03:19,754 - Velocimacro : allowInlineToOverride = false : VMs defined inline may NOT replace previous VM definitions
2015-03-12 21:03:19,754 - Velocimacro : allowInlineLocal = false : VMs defined inline will be global in scope if allowed.
2015-03-12 21:03:19,754 - Velocimacro : autoload off : VM system will not automatically reload global library macros
2015-03-12 21:04:43,144 - Log4JLogChute initialized using file 'velocity.log'
2015-03-12 21:04:43,144 - Starting Apache Velocity v1.5 (compiled: 2007-02-22 08:52:29)
2015-03-12 21:04:43,144 - Default Properties File: org\apache\velocity\runtime\defaults\velocity.properties
2015-03-12 21:04:43,144 - Trying to use logger class org.apache.velocity.runtime.log.AvalonLogChute
2015-03-12 21:04:43,144 - Couldn't find class org.apache.velocity.runtime.log.AvalonLogChute or necessary supporting classes in classpath.
java.lang.NoClassDefFoundError: org/apache/log/format/Formatter
	at java.lang.Class.forName0(Native Method)
	at java.lang.Class.forName(Unknown Source)
	at org.apache.velocity.util.ClassUtils.getClass(ClassUtils.java:63)
	at org.apache.velocity.util.ClassUtils.getNewInstance(ClassUtils.java:95)
	at org.apache.velocity.runtime.log.LogManager.createLogChute(LogManager.java:147)
	at org.apache.velocity.runtime.log.LogManager.updateLog(LogManager.java:208)
	at org.apache.velocity.runtime.RuntimeInstance.initializeLog(RuntimeInstance.java:728)
	at org.apache.velocity.runtime.RuntimeInstance.init(RuntimeInstance.java:240)
	at org.apache.velocity.runtime.RuntimeSingleton.init(RuntimeSingleton.java:113)
	at org.apache.velocity.app.Velocity.init(Velocity.java:83)
	at com.amazonaws.mturk.util.VelocityUtil.doMerge(VelocityUtil.java:34)
	at com.amazonaws.mturk.addon.HITProperties.getLifetime(HITProperties.java:243)
	at com.amazonaws.mturk.service.axis.RequesterService.createHITs(RequesterService.java:1522)
	at com.amazonaws.mturk.service.axis.RequesterService.createHITs(RequesterService.java:1403)
	at mturk.nerHit.createHIT(nerHit.java:199)
	at mturk.nerHit.getFolders(nerHit.java:102)
	at mturk.HTMLpage.main(HTMLpage.java:56)
Caused by: java.lang.ClassNotFoundException: org.apache.log.format.Formatter
	at java.net.URLClassLoader$1.run(Unknown Source)
	at java.net.URLClassLoader$1.run(Unknown Source)
	at java.security.AccessController.doPrivileged(Native Method)
	at java.net.URLClassLoader.findClass(Unknown Source)
	at java.lang.ClassLoader.loadClass(Unknown Source)
	at sun.misc.Launcher$AppClassLoader.loadClass(Unknown Source)
	at java.lang.ClassLoader.loadClass(Unknown Source)
	... 17 more
2015-03-12 21:04:43,144 - Trying to use logger class org.apache.velocity.runtime.log.Log4JLogChute
2015-03-12 21:04:43,144 - Using logger class org.apache.velocity.runtime.log.Log4JLogChute
2015-03-12 21:04:43,144 - Default ResourceManager initializing. (class org.apache.velocity.runtime.resource.ResourceManagerImpl)
2015-03-12 21:04:43,149 - ResourceLoader instantiated: org.apache.velocity.runtime.resource.loader.FileResourceLoader
2015-03-12 21:04:43,149 - Do unicode file recognition:  false
2015-03-12 21:04:43,149 - FileResourceLoader : adding path '.'
2015-03-12 21:04:43,159 - ResourceCache: initialized (class org.apache.velocity.runtime.resource.ResourceCacheImpl)
2015-03-12 21:04:43,159 - Loaded System Directive: org.apache.velocity.runtime.directive.Literal
2015-03-12 21:04:43,159 - Loaded System Directive: org.apache.velocity.runtime.directive.Macro
2015-03-12 21:04:43,164 - Loaded System Directive: org.apache.velocity.runtime.directive.Parse
2015-03-12 21:04:43,164 - Loaded System Directive: org.apache.velocity.runtime.directive.Include
2015-03-12 21:04:43,164 - Loaded System Directive: org.apache.velocity.runtime.directive.Foreach
2015-03-12 21:04:43,179 - Created '20' parsers.
2015-03-12 21:04:43,184 - Velocimacro : "velocimacro.library" is not set.  Trying default library: VM_global_library.vm
2015-03-12 21:04:43,184 - Velocimacro : Default library not found.
2015-03-12 21:04:43,184 - Velocimacro : allowInline = true : VMs can be defined inline in templates
2015-03-12 21:04:43,184 - Velocimacro : allowInlineToOverride = false : VMs defined inline may NOT replace previous VM definitions
2015-03-12 21:04:43,184 - Velocimacro : allowInlineLocal = false : VMs defined inline will be global in scope if allowed.
2015-03-12 21:04:43,184 - Velocimacro : autoload off : VM system will not automatically reload global library macros
2015-03-12 21:05:23,931 - Log4JLogChute initialized using file 'velocity.log'
2015-03-12 21:05:23,931 - Starting Apache Velocity v1.5 (compiled: 2007-02-22 08:52:29)
2015-03-12 21:05:23,931 - Default Properties File: org\apache\velocity\runtime\defaults\velocity.properties
2015-03-12 21:05:23,931 - Trying to use logger class org.apache.velocity.runtime.log.AvalonLogChute
2015-03-12 21:05:23,931 - Couldn't find class org.apache.velocity.runtime.log.AvalonLogChute or necessary supporting classes in classpath.
java.lang.NoClassDefFoundError: org/apache/log/format/Formatter
	at java.lang.Class.forName0(Native Method)
	at java.lang.Class.forName(Unknown Source)
	at org.apache.velocity.util.ClassUtils.getClass(ClassUtils.java:63)
	at org.apache.velocity.util.ClassUtils.getNewInstance(ClassUtils.java:95)
	at org.apache.velocity.runtime.log.LogManager.createLogChute(LogManager.java:147)
	at org.apache.velocity.runtime.log.LogManager.updateLog(LogManager.java:208)
	at org.apache.velocity.runtime.RuntimeInstance.initializeLog(RuntimeInstance.java:728)
	at org.apache.velocity.runtime.RuntimeInstance.init(RuntimeInstance.java:240)
	at org.apache.velocity.runtime.RuntimeSingleton.init(RuntimeSingleton.java:113)
	at org.apache.velocity.app.Velocity.init(Velocity.java:83)
	at com.amazonaws.mturk.util.VelocityUtil.doMerge(VelocityUtil.java:34)
	at com.amazonaws.mturk.addon.HITProperties.getLifetime(HITProperties.java:243)
	at com.amazonaws.mturk.service.axis.RequesterService.createHITs(RequesterService.java:1522)
	at com.amazonaws.mturk.service.axis.RequesterService.createHITs(RequesterService.java:1403)
	at mturk.nerHit.createHIT(nerHit.java:199)
	at mturk.nerHit.getFolders(nerHit.java:102)
	at mturk.HTMLpage.main(HTMLpage.java:56)
Caused by: java.lang.ClassNotFoundException: org.apache.log.format.Formatter
	at java.net.URLClassLoader$1.run(Unknown Source)
	at java.net.URLClassLoader$1.run(Unknown Source)
	at java.security.AccessController.doPrivileged(Native Method)
	at java.net.URLClassLoader.findClass(Unknown Source)
	at java.lang.ClassLoader.loadClass(Unknown Source)
	at sun.misc.Launcher$AppClassLoader.loadClass(Unknown Source)
	at java.lang.ClassLoader.loadClass(Unknown Source)
	... 17 more
2015-03-12 21:05:23,931 - Trying to use logger class org.apache.velocity.runtime.log.Log4JLogChute
2015-03-12 21:05:23,931 - Using logger class org.apache.velocity.runtime.log.Log4JLogChute
2015-03-12 21:05:23,931 - Default ResourceManager initializing. (class org.apache.velocity.runtime.resource.ResourceManagerImpl)
2015-03-12 21:05:23,936 - ResourceLoader instantiated: org.apache.velocity.runtime.resource.loader.FileResourceLoader
2015-03-12 21:05:23,936 - Do unicode file recognition:  false
2015-03-12 21:05:23,936 - FileResourceLoader : adding path '.'
2015-03-12 21:05:23,946 - ResourceCache: initialized (class org.apache.velocity.runtime.resource.ResourceCacheImpl)
2015-03-12 21:05:23,946 - Loaded System Directive: org.apache.velocity.runtime.directive.Literal
2015-03-12 21:05:23,946 - Loaded System Directive: org.apache.velocity.runtime.directive.Macro
2015-03-12 21:05:23,946 - Loaded System Directive: org.apache.velocity.runtime.directive.Parse
2015-03-12 21:05:23,946 - Loaded System Directive: org.apache.velocity.runtime.directive.Include
2015-03-12 21:05:23,951 - Loaded System Directive: org.apache.velocity.runtime.directive.Foreach
2015-03-12 21:05:23,966 - Created '20' parsers.
2015-03-12 21:05:23,971 - Velocimacro : "velocimacro.library" is not set.  Trying default library: VM_global_library.vm
2015-03-12 21:05:23,971 - Velocimacro : Default library not found.
2015-03-12 21:05:23,971 - Velocimacro : allowInline = true : VMs can be defined inline in templates
2015-03-12 21:05:23,971 - Velocimacro : allowInlineToOverride = false : VMs defined inline may NOT replace previous VM definitions
2015-03-12 21:05:23,971 - Velocimacro : allowInlineLocal = false : VMs defined inline will be global in scope if allowed.
2015-03-12 21:05:23,971 - Velocimacro : autoload off : VM system will not automatically reload global library macros
2015-03-12 21:08:53,307 - Log4JLogChute initialized using file 'velocity.log'
2015-03-12 21:08:53,307 - Starting Apache Velocity v1.5 (compiled: 2007-02-22 08:52:29)
2015-03-12 21:08:53,307 - Default Properties File: org\apache\velocity\runtime\defaults\velocity.properties
2015-03-12 21:08:53,307 - Trying to use logger class org.apache.velocity.runtime.log.AvalonLogChute
2015-03-12 21:08:53,307 - Couldn't find class org.apache.velocity.runtime.log.AvalonLogChute or necessary supporting classes in classpath.
java.lang.NoClassDefFoundError: org/apache/log/format/Formatter
	at java.lang.Class.forName0(Native Method)
	at java.lang.Class.forName(Unknown Source)
	at org.apache.velocity.util.ClassUtils.getClass(ClassUtils.java:63)
	at org.apache.velocity.util.ClassUtils.getNewInstance(ClassUtils.java:95)
	at org.apache.velocity.runtime.log.LogManager.createLogChute(LogManager.java:147)
	at org.apache.velocity.runtime.log.LogManager.updateLog(LogManager.java:208)
	at org.apache.velocity.runtime.RuntimeInstance.initializeLog(RuntimeInstance.java:728)
	at org.apache.velocity.runtime.RuntimeInstance.init(RuntimeInstance.java:240)
	at org.apache.velocity.runtime.RuntimeSingleton.init(RuntimeSingleton.java:113)
	at org.apache.velocity.app.Velocity.init(Velocity.java:83)
	at com.amazonaws.mturk.util.VelocityUtil.doMerge(VelocityUtil.java:34)
	at com.amazonaws.mturk.addon.HITProperties.getLifetime(HITProperties.java:243)
	at com.amazonaws.mturk.service.axis.RequesterService.createHITs(RequesterService.java:1522)
	at com.amazonaws.mturk.service.axis.RequesterService.createHITs(RequesterService.java:1403)
	at mturk.nerHit.createHIT(nerHit.java:200)
	at mturk.nerHit.getFolders(nerHit.java:102)
	at mturk.HTMLpage.main(HTMLpage.java:56)
Caused by: java.lang.ClassNotFoundException: org.apache.log.format.Formatter
	at java.net.URLClassLoader$1.run(Unknown Source)
	at java.net.URLClassLoader$1.run(Unknown Source)
	at java.security.AccessController.doPrivileged(Native Method)
	at java.net.URLClassLoader.findClass(Unknown Source)
	at java.lang.ClassLoader.loadClass(Unknown Source)
	at sun.misc.Launcher$AppClassLoader.loadClass(Unknown Source)
	at java.lang.ClassLoader.loadClass(Unknown Source)
	... 17 more
2015-03-12 21:08:53,307 - Trying to use logger class org.apache.velocity.runtime.log.Log4JLogChute
2015-03-12 21:08:53,307 - Using logger class org.apache.velocity.runtime.log.Log4JLogChute
2015-03-12 21:08:53,307 - Default ResourceManager initializing. (class org.apache.velocity.runtime.resource.ResourceManagerImpl)
2015-03-12 21:08:53,312 - ResourceLoader instantiated: org.apache.velocity.runtime.resource.loader.FileResourceLoader
2015-03-12 21:08:53,312 - Do unicode file recognition:  false
2015-03-12 21:08:53,312 - FileResourceLoader : adding path '.'
2015-03-12 21:08:53,322 - ResourceCache: initialized (class org.apache.velocity.runtime.resource.ResourceCacheImpl)
2015-03-12 21:08:53,322 - Loaded System Directive: org.apache.velocity.runtime.directive.Literal
2015-03-12 21:08:53,322 - Loaded System Directive: org.apache.velocity.runtime.directive.Macro
2015-03-12 21:08:53,322 - Loaded System Directive: org.apache.velocity.runtime.directive.Parse
2015-03-12 21:08:53,327 - Loaded System Directive: org.apache.velocity.runtime.directive.Include
2015-03-12 21:08:53,327 - Loaded System Directive: org.apache.velocity.runtime.directive.Foreach
2015-03-12 21:08:53,347 - Created '20' parsers.
2015-03-12 21:08:53,347 - Velocimacro : "velocimacro.library" is not set.  Trying default library: VM_global_library.vm
2015-03-12 21:08:53,352 - Velocimacro : Default library not found.
2015-03-12 21:08:53,352 - Velocimacro : allowInline = true : VMs can be defined inline in templates
2015-03-12 21:08:53,352 - Velocimacro : allowInlineToOverride = false : VMs defined inline may NOT replace previous VM definitions
2015-03-12 21:08:53,352 - Velocimacro : allowInlineLocal = false : VMs defined inline will be global in scope if allowed.
2015-03-12 21:08:53,352 - Velocimacro : autoload off : VM system will not automatically reload global library macros
2015-03-12 21:12:49,206 - Log4JLogChute initialized using file 'velocity.log'
2015-03-12 21:12:49,206 - Starting Apache Velocity v1.5 (compiled: 2007-02-22 08:52:29)
2015-03-12 21:12:49,206 - Default Properties File: org\apache\velocity\runtime\defaults\velocity.properties
2015-03-12 21:12:49,206 - Trying to use logger class org.apache.velocity.runtime.log.AvalonLogChute
2015-03-12 21:12:49,206 - Couldn't find class org.apache.velocity.runtime.log.AvalonLogChute or necessary supporting classes in classpath.
java.lang.NoClassDefFoundError: org/apache/log/format/Formatter
	at java.lang.Class.forName0(Native Method)
	at java.lang.Class.forName(Unknown Source)
	at org.apache.velocity.util.ClassUtils.getClass(ClassUtils.java:63)
	at org.apache.velocity.util.ClassUtils.getNewInstance(ClassUtils.java:95)
	at org.apache.velocity.runtime.log.LogManager.createLogChute(LogManager.java:147)
	at org.apache.velocity.runtime.log.LogManager.updateLog(LogManager.java:208)
	at org.apache.velocity.runtime.RuntimeInstance.initializeLog(RuntimeInstance.java:728)
	at org.apache.velocity.runtime.RuntimeInstance.init(RuntimeInstance.java:240)
	at org.apache.velocity.runtime.RuntimeSingleton.init(RuntimeSingleton.java:113)
	at org.apache.velocity.app.Velocity.init(Velocity.java:83)
	at com.amazonaws.mturk.util.VelocityUtil.doMerge(VelocityUtil.java:34)
	at com.amazonaws.mturk.addon.HITProperties.getLifetime(HITProperties.java:243)
	at com.amazonaws.mturk.service.axis.RequesterService.createHITs(RequesterService.java:1522)
	at com.amazonaws.mturk.service.axis.RequesterService.createHITs(RequesterService.java:1403)
	at mturk.nerHit.createHIT(nerHit.java:202)
	at mturk.nerHit.getFolders(nerHit.java:102)
	at mturk.HTMLpage.main(HTMLpage.java:56)
Caused by: java.lang.ClassNotFoundException: org.apache.log.format.Formatter
	at java.net.URLClassLoader$1.run(Unknown Source)
	at java.net.URLClassLoader$1.run(Unknown Source)
	at java.security.AccessController.doPrivileged(Native Method)
	at java.net.URLClassLoader.findClass(Unknown Source)
	at java.lang.ClassLoader.loadClass(Unknown Source)
	at sun.misc.Launcher$AppClassLoader.loadClass(Unknown Source)
	at java.lang.ClassLoader.loadClass(Unknown Source)
	... 17 more
2015-03-12 21:12:49,206 - Trying to use logger class org.apache.velocity.runtime.log.Log4JLogChute
2015-03-12 21:12:49,206 - Using logger class org.apache.velocity.runtime.log.Log4JLogChute
2015-03-12 21:12:49,211 - Default ResourceManager initializing. (class org.apache.velocity.runtime.resource.ResourceManagerImpl)
2015-03-12 21:12:49,211 - ResourceLoader instantiated: org.apache.velocity.runtime.resource.loader.FileResourceLoader
2015-03-12 21:12:49,216 - Do unicode file recognition:  false
2015-03-12 21:12:49,216 - FileResourceLoader : adding path '.'
2015-03-12 21:12:49,221 - ResourceCache: initialized (class org.apache.velocity.runtime.resource.ResourceCacheImpl)
2015-03-12 21:12:49,226 - Loaded System Directive: org.apache.velocity.runtime.directive.Literal
2015-03-12 21:12:49,226 - Loaded System Directive: org.apache.velocity.runtime.directive.Macro
2015-03-12 21:12:49,226 - Loaded System Directive: org.apache.velocity.runtime.directive.Parse
2015-03-12 21:12:49,226 - Loaded System Directive: org.apache.velocity.runtime.directive.Include
2015-03-12 21:12:49,226 - Loaded System Directive: org.apache.velocity.runtime.directive.Foreach
2015-03-12 21:12:49,241 - Created '20' parsers.
2015-03-12 21:12:49,246 - Velocimacro : "velocimacro.library" is not set.  Trying default library: VM_global_library.vm
2015-03-12 21:12:49,246 - Velocimacro : Default library not found.
2015-03-12 21:12:49,246 - Velocimacro : allowInline = true : VMs can be defined inline in templates
2015-03-12 21:12:49,246 - Velocimacro : allowInlineToOverride = false : VMs defined inline may NOT replace previous VM definitions
2015-03-12 21:12:49,246 - Velocimacro : allowInlineLocal = false : VMs defined inline will be global in scope if allowed.
2015-03-12 21:12:49,246 - Velocimacro : autoload off : VM system will not automatically reload global library macros
2015-03-12 22:53:12,739 - Log4JLogChute initialized using file 'velocity.log'
2015-03-12 22:53:12,749 - Starting Apache Velocity v1.5 (compiled: 2007-02-22 08:52:29)
2015-03-12 22:53:12,749 - Default Properties File: org\apache\velocity\runtime\defaults\velocity.properties
2015-03-12 22:53:12,749 - Trying to use logger class org.apache.velocity.runtime.log.AvalonLogChute
2015-03-12 22:53:12,749 - Couldn't find class org.apache.velocity.runtime.log.AvalonLogChute or necessary supporting classes in classpath.
java.lang.NoClassDefFoundError: org/apache/log/format/Formatter
	at java.lang.Class.forName0(Native Method)
	at java.lang.Class.forName(Unknown Source)
	at org.apache.velocity.util.ClassUtils.getClass(ClassUtils.java:63)
	at org.apache.velocity.util.ClassUtils.getNewInstance(ClassUtils.java:95)
	at org.apache.velocity.runtime.log.LogManager.createLogChute(LogManager.java:147)
	at org.apache.velocity.runtime.log.LogManager.updateLog(LogManager.java:208)
	at org.apache.velocity.runtime.RuntimeInstance.initializeLog(RuntimeInstance.java:728)
	at org.apache.velocity.runtime.RuntimeInstance.init(RuntimeInstance.java:240)
	at org.apache.velocity.runtime.RuntimeSingleton.init(RuntimeSingleton.java:113)
	at org.apache.velocity.app.Velocity.init(Velocity.java:83)
	at com.amazonaws.mturk.util.VelocityUtil.doMerge(VelocityUtil.java:34)
	at com.amazonaws.mturk.addon.HITProperties.getLifetime(HITProperties.java:243)
	at com.amazonaws.mturk.service.axis.RequesterService.createHITs(RequesterService.java:1522)
	at com.amazonaws.mturk.service.axis.RequesterService.createHITs(RequesterService.java:1403)
	at mturk.nerHit.createHIT(nerHit.java:176)
	at mturk.nerHit.getFolders(nerHit.java:103)
	at mturk.HTMLpage.main(HTMLpage.java:56)
Caused by: java.lang.ClassNotFoundException: org.apache.log.format.Formatter
	at java.net.URLClassLoader$1.run(Unknown Source)
	at java.net.URLClassLoader$1.run(Unknown Source)
	at java.security.AccessController.doPrivileged(Native Method)
	at java.net.URLClassLoader.findClass(Unknown Source)
	at java.lang.ClassLoader.loadClass(Unknown Source)
	at sun.misc.Launcher$AppClassLoader.loadClass(Unknown Source)
	at java.lang.ClassLoader.loadClass(Unknown Source)
	... 17 more
2015-03-12 22:53:12,749 - Trying to use logger class org.apache.velocity.runtime.log.Log4JLogChute
2015-03-12 22:53:12,749 - Using logger class org.apache.velocity.runtime.log.Log4JLogChute
2015-03-12 22:53:12,749 - Default ResourceManager initializing. (class org.apache.velocity.runtime.resource.ResourceManagerImpl)
2015-03-12 22:53:12,749 - ResourceLoader instantiated: org.apache.velocity.runtime.resource.loader.FileResourceLoader
2015-03-12 22:53:12,749 - Do unicode file recognition:  false
2015-03-12 22:53:12,749 - FileResourceLoader : adding path '.'
2015-03-12 22:53:12,759 - ResourceCache: initialized (class org.apache.velocity.runtime.resource.ResourceCacheImpl)
2015-03-12 22:53:12,759 - Loaded System Directive: org.apache.velocity.runtime.directive.Literal
2015-03-12 22:53:12,759 - Loaded System Directive: org.apache.velocity.runtime.directive.Macro
2015-03-12 22:53:12,769 - Loaded System Directive: org.apache.velocity.runtime.directive.Parse
2015-03-12 22:53:12,769 - Loaded System Directive: org.apache.velocity.runtime.directive.Include
2015-03-12 22:53:12,769 - Loaded System Directive: org.apache.velocity.runtime.directive.Foreach
2015-03-12 22:53:12,779 - Created '20' parsers.
2015-03-12 22:53:12,789 - Velocimacro : "velocimacro.library" is not set.  Trying default library: VM_global_library.vm
2015-03-12 22:53:12,789 - Velocimacro : Default library not found.
2015-03-12 22:53:12,789 - Velocimacro : allowInline = true : VMs can be defined inline in templates
2015-03-12 22:53:12,789 - Velocimacro : allowInlineToOverride = false : VMs defined inline may NOT replace previous VM definitions
2015-03-12 22:53:12,789 - Velocimacro : allowInlineLocal = false : VMs defined inline will be global in scope if allowed.
2015-03-12 22:53:12,789 - Velocimacro : autoload off : VM system will not automatically reload global library macros
2015-03-12 22:54:23,809 - Log4JLogChute initialized using file 'velocity.log'
2015-03-12 22:54:23,819 - Starting Apache Velocity v1.5 (compiled: 2007-02-22 08:52:29)
2015-03-12 22:54:23,819 - Default Properties File: org\apache\velocity\runtime\defaults\velocity.properties
2015-03-12 22:54:23,819 - Trying to use logger class org.apache.velocity.runtime.log.AvalonLogChute
2015-03-12 22:54:23,819 - Couldn't find class org.apache.velocity.runtime.log.AvalonLogChute or necessary supporting classes in classpath.
java.lang.NoClassDefFoundError: org/apache/log/format/Formatter
	at java.lang.Class.forName0(Native Method)
	at java.lang.Class.forName(Unknown Source)
	at org.apache.velocity.util.ClassUtils.getClass(ClassUtils.java:63)
	at org.apache.velocity.util.ClassUtils.getNewInstance(ClassUtils.java:95)
	at org.apache.velocity.runtime.log.LogManager.createLogChute(LogManager.java:147)
	at org.apache.velocity.runtime.log.LogManager.updateLog(LogManager.java:208)
	at org.apache.velocity.runtime.RuntimeInstance.initializeLog(RuntimeInstance.java:728)
	at org.apache.velocity.runtime.RuntimeInstance.init(RuntimeInstance.java:240)
	at org.apache.velocity.runtime.RuntimeSingleton.init(RuntimeSingleton.java:113)
	at org.apache.velocity.app.Velocity.init(Velocity.java:83)
	at com.amazonaws.mturk.util.VelocityUtil.doMerge(VelocityUtil.java:34)
	at com.amazonaws.mturk.addon.HITProperties.getLifetime(HITProperties.java:243)
	at com.amazonaws.mturk.service.axis.RequesterService.createHITs(RequesterService.java:1522)
	at com.amazonaws.mturk.service.axis.RequesterService.createHITs(RequesterService.java:1403)
	at mturk.nerHit.createHIT(nerHit.java:176)
	at mturk.nerHit.getFolders(nerHit.java:103)
	at mturk.HTMLpage.main(HTMLpage.java:56)
Caused by: java.lang.ClassNotFoundException: org.apache.log.format.Formatter
	at java.net.URLClassLoader$1.run(Unknown Source)
	at java.net.URLClassLoader$1.run(Unknown Source)
	at java.security.AccessController.doPrivileged(Native Method)
	at java.net.URLClassLoader.findClass(Unknown Source)
	at java.lang.ClassLoader.loadClass(Unknown Source)
	at sun.misc.Launcher$AppClassLoader.loadClass(Unknown Source)
	at java.lang.ClassLoader.loadClass(Unknown Source)
	... 17 more
2015-03-12 22:54:23,819 - Trying to use logger class org.apache.velocity.runtime.log.Log4JLogChute
2015-03-12 22:54:23,819 - Using logger class org.apache.velocity.runtime.log.Log4JLogChute
2015-03-12 22:54:23,819 - Default ResourceManager initializing. (class org.apache.velocity.runtime.resource.ResourceManagerImpl)
2015-03-12 22:54:23,819 - ResourceLoader instantiated: org.apache.velocity.runtime.resource.loader.FileResourceLoader
2015-03-12 22:54:23,819 - Do unicode file recognition:  false
2015-03-12 22:54:23,819 - FileResourceLoader : adding path '.'
2015-03-12 22:54:23,829 - ResourceCache: initialized (class org.apache.velocity.runtime.resource.ResourceCacheImpl)
2015-03-12 22:54:23,829 - Loaded System Directive: org.apache.velocity.runtime.directive.Literal
2015-03-12 22:54:23,829 - Loaded System Directive: org.apache.velocity.runtime.directive.Macro
2015-03-12 22:54:23,839 - Loaded System Directive: org.apache.velocity.runtime.directive.Parse
2015-03-12 22:54:23,839 - Loaded System Directive: org.apache.velocity.runtime.directive.Include
2015-03-12 22:54:23,839 - Loaded System Directive: org.apache.velocity.runtime.directive.Foreach
2015-03-12 22:54:23,849 - Created '20' parsers.
2015-03-12 22:54:23,859 - Velocimacro : "velocimacro.library" is not set.  Trying default library: VM_global_library.vm
2015-03-12 22:54:23,859 - Velocimacro : Default library not found.
2015-03-12 22:54:23,859 - Velocimacro : allowInline = true : VMs can be defined inline in templates
2015-03-12 22:54:23,859 - Velocimacro : allowInlineToOverride = false : VMs defined inline may NOT replace previous VM definitions
2015-03-12 22:54:23,859 - Velocimacro : allowInlineLocal = false : VMs defined inline will be global in scope if allowed.
2015-03-12 22:54:23,859 - Velocimacro : autoload off : VM system will not automatically reload global library macros
2015-03-12 22:55:23,231 - Log4JLogChute initialized using file 'velocity.log'
2015-03-12 22:55:23,231 - Starting Apache Velocity v1.5 (compiled: 2007-02-22 08:52:29)
2015-03-12 22:55:23,231 - Default Properties File: org\apache\velocity\runtime\defaults\velocity.properties
2015-03-12 22:55:23,231 - Trying to use logger class org.apache.velocity.runtime.log.AvalonLogChute
2015-03-12 22:55:23,231 - Couldn't find class org.apache.velocity.runtime.log.AvalonLogChute or necessary supporting classes in classpath.
java.lang.NoClassDefFoundError: org/apache/log/format/Formatter
	at java.lang.Class.forName0(Native Method)
	at java.lang.Class.forName(Unknown Source)
	at org.apache.velocity.util.ClassUtils.getClass(ClassUtils.java:63)
	at org.apache.velocity.util.ClassUtils.getNewInstance(ClassUtils.java:95)
	at org.apache.velocity.runtime.log.LogManager.createLogChute(LogManager.java:147)
	at org.apache.velocity.runtime.log.LogManager.updateLog(LogManager.java:208)
	at org.apache.velocity.runtime.RuntimeInstance.initializeLog(RuntimeInstance.java:728)
	at org.apache.velocity.runtime.RuntimeInstance.init(RuntimeInstance.java:240)
	at org.apache.velocity.runtime.RuntimeSingleton.init(RuntimeSingleton.java:113)
	at org.apache.velocity.app.Velocity.init(Velocity.java:83)
	at com.amazonaws.mturk.util.VelocityUtil.doMerge(VelocityUtil.java:34)
	at com.amazonaws.mturk.addon.HITProperties.getLifetime(HITProperties.java:243)
	at com.amazonaws.mturk.service.axis.RequesterService.createHITs(RequesterService.java:1522)
	at com.amazonaws.mturk.service.axis.RequesterService.createHITs(RequesterService.java:1403)
	at mturk.nerHit.createHIT(nerHit.java:176)
	at mturk.nerHit.getFolders(nerHit.java:103)
	at mturk.HTMLpage.main(HTMLpage.java:56)
Caused by: java.lang.ClassNotFoundException: org.apache.log.format.Formatter
	at java.net.URLClassLoader$1.run(Unknown Source)
	at java.net.URLClassLoader$1.run(Unknown Source)
	at java.security.AccessController.doPrivileged(Native Method)
	at java.net.URLClassLoader.findClass(Unknown Source)
	at java.lang.ClassLoader.loadClass(Unknown Source)
	at sun.misc.Launcher$AppClassLoader.loadClass(Unknown Source)
	at java.lang.ClassLoader.loadClass(Unknown Source)
	... 17 more
2015-03-12 22:55:23,231 - Trying to use logger class org.apache.velocity.runtime.log.Log4JLogChute
2015-03-12 22:55:23,231 - Using logger class org.apache.velocity.runtime.log.Log4JLogChute
2015-03-12 22:55:23,231 - Default ResourceManager initializing. (class org.apache.velocity.runtime.resource.ResourceManagerImpl)
2015-03-12 22:55:23,231 - ResourceLoader instantiated: org.apache.velocity.runtime.resource.loader.FileResourceLoader
2015-03-12 22:55:23,231 - Do unicode file recognition:  false
2015-03-12 22:55:23,231 - FileResourceLoader : adding path '.'
2015-03-12 22:55:23,251 - ResourceCache: initialized (class org.apache.velocity.runtime.resource.ResourceCacheImpl)
2015-03-12 22:55:23,251 - Loaded System Directive: org.apache.velocity.runtime.directive.Literal
2015-03-12 22:55:23,251 - Loaded System Directive: org.apache.velocity.runtime.directive.Macro
2015-03-12 22:55:23,251 - Loaded System Directive: org.apache.velocity.runtime.directive.Parse
2015-03-12 22:55:23,251 - Loaded System Directive: org.apache.velocity.runtime.directive.Include
2015-03-12 22:55:23,251 - Loaded System Directive: org.apache.velocity.runtime.directive.Foreach
2015-03-12 22:55:23,271 - Created '20' parsers.
2015-03-12 22:55:23,271 - Velocimacro : "velocimacro.library" is not set.  Trying default library: VM_global_library.vm
2015-03-12 22:55:23,271 - Velocimacro : Default library not found.
2015-03-12 22:55:23,271 - Velocimacro : allowInline = true : VMs can be defined inline in templates
2015-03-12 22:55:23,271 - Velocimacro : allowInlineToOverride = false : VMs defined inline may NOT replace previous VM definitions
2015-03-12 22:55:23,271 - Velocimacro : allowInlineLocal = false : VMs defined inline will be global in scope if allowed.
2015-03-12 22:55:23,271 - Velocimacro : autoload off : VM system will not automatically reload global library macros
2015-03-12 22:55:46,827 - Log4JLogChute initialized using file 'velocity.log'
2015-03-12 22:55:46,827 - Starting Apache Velocity v1.5 (compiled: 2007-02-22 08:52:29)
2015-03-12 22:55:46,827 - Default Properties File: org\apache\velocity\runtime\defaults\velocity.properties
2015-03-12 22:55:46,827 - Trying to use logger class org.apache.velocity.runtime.log.AvalonLogChute
2015-03-12 22:55:46,827 - Couldn't find class org.apache.velocity.runtime.log.AvalonLogChute or necessary supporting classes in classpath.
java.lang.NoClassDefFoundError: org/apache/log/format/Formatter
	at java.lang.Class.forName0(Native Method)
	at java.lang.Class.forName(Unknown Source)
	at org.apache.velocity.util.ClassUtils.getClass(ClassUtils.java:63)
	at org.apache.velocity.util.ClassUtils.getNewInstance(ClassUtils.java:95)
	at org.apache.velocity.runtime.log.LogManager.createLogChute(LogManager.java:147)
	at org.apache.velocity.runtime.log.LogManager.updateLog(LogManager.java:208)
	at org.apache.velocity.runtime.RuntimeInstance.initializeLog(RuntimeInstance.java:728)
	at org.apache.velocity.runtime.RuntimeInstance.init(RuntimeInstance.java:240)
	at org.apache.velocity.runtime.RuntimeSingleton.init(RuntimeSingleton.java:113)
	at org.apache.velocity.app.Velocity.init(Velocity.java:83)
	at com.amazonaws.mturk.util.VelocityUtil.doMerge(VelocityUtil.java:34)
	at com.amazonaws.mturk.addon.HITProperties.getLifetime(HITProperties.java:243)
	at com.amazonaws.mturk.service.axis.RequesterService.createHITs(RequesterService.java:1522)
	at com.amazonaws.mturk.service.axis.RequesterService.createHITs(RequesterService.java:1403)
	at mturk.nerHit.createHIT(nerHit.java:176)
	at mturk.nerHit.getFolders(nerHit.java:103)
	at mturk.HTMLpage.main(HTMLpage.java:56)
Caused by: java.lang.ClassNotFoundException: org.apache.log.format.Formatter
	at java.net.URLClassLoader$1.run(Unknown Source)
	at java.net.URLClassLoader$1.run(Unknown Source)
	at java.security.AccessController.doPrivileged(Native Method)
	at java.net.URLClassLoader.findClass(Unknown Source)
	at java.lang.ClassLoader.loadClass(Unknown Source)
	at sun.misc.Launcher$AppClassLoader.loadClass(Unknown Source)
	at java.lang.ClassLoader.loadClass(Unknown Source)
	... 17 more
2015-03-12 22:55:46,827 - Trying to use logger class org.apache.velocity.runtime.log.Log4JLogChute
2015-03-12 22:55:46,827 - Using logger class org.apache.velocity.runtime.log.Log4JLogChute
2015-03-12 22:55:46,837 - Default ResourceManager initializing. (class org.apache.velocity.runtime.resource.ResourceManagerImpl)
2015-03-12 22:55:46,837 - ResourceLoader instantiated: org.apache.velocity.runtime.resource.loader.FileResourceLoader
2015-03-12 22:55:46,837 - Do unicode file recognition:  false
2015-03-12 22:55:46,837 - FileResourceLoader : adding path '.'
2015-03-12 22:55:46,847 - ResourceCache: initialized (class org.apache.velocity.runtime.resource.ResourceCacheImpl)
2015-03-12 22:55:46,847 - Loaded System Directive: org.apache.velocity.runtime.directive.Literal
2015-03-12 22:55:46,847 - Loaded System Directive: org.apache.velocity.runtime.directive.Macro
2015-03-12 22:55:46,847 - Loaded System Directive: org.apache.velocity.runtime.directive.Parse
2015-03-12 22:55:46,847 - Loaded System Directive: org.apache.velocity.runtime.directive.Include
2015-03-12 22:55:46,847 - Loaded System Directive: org.apache.velocity.runtime.directive.Foreach
2015-03-12 22:55:46,867 - Created '20' parsers.
2015-03-12 22:55:46,877 - Velocimacro : "velocimacro.library" is not set.  Trying default library: VM_global_library.vm
2015-03-12 22:55:46,877 - Velocimacro : Default library not found.
2015-03-12 22:55:46,877 - Velocimacro : allowInline = true : VMs can be defined inline in templates
2015-03-12 22:55:46,877 - Velocimacro : allowInlineToOverride = false : VMs defined inline may NOT replace previous VM definitions
2015-03-12 22:55:46,877 - Velocimacro : allowInlineLocal = false : VMs defined inline will be global in scope if allowed.
2015-03-12 22:55:46,877 - Velocimacro : autoload off : VM system will not automatically reload global library macros
2015-03-12 23:02:26,726 - Log4JLogChute initialized using file 'velocity.log'
2015-03-12 23:02:26,726 - Starting Apache Velocity v1.5 (compiled: 2007-02-22 08:52:29)
2015-03-12 23:02:26,726 - Default Properties File: org\apache\velocity\runtime\defaults\velocity.properties
2015-03-12 23:02:26,726 - Trying to use logger class org.apache.velocity.runtime.log.AvalonLogChute
2015-03-12 23:02:26,726 - Couldn't find class org.apache.velocity.runtime.log.AvalonLogChute or necessary supporting classes in classpath.
java.lang.NoClassDefFoundError: org/apache/log/format/Formatter
	at java.lang.Class.forName0(Native Method)
	at java.lang.Class.forName(Unknown Source)
	at org.apache.velocity.util.ClassUtils.getClass(ClassUtils.java:63)
	at org.apache.velocity.util.ClassUtils.getNewInstance(ClassUtils.java:95)
	at org.apache.velocity.runtime.log.LogManager.createLogChute(LogManager.java:147)
	at org.apache.velocity.runtime.log.LogManager.updateLog(LogManager.java:208)
	at org.apache.velocity.runtime.RuntimeInstance.initializeLog(RuntimeInstance.java:728)
	at org.apache.velocity.runtime.RuntimeInstance.init(RuntimeInstance.java:240)
	at org.apache.velocity.runtime.RuntimeSingleton.init(RuntimeSingleton.java:113)
	at org.apache.velocity.app.Velocity.init(Velocity.java:83)
	at com.amazonaws.mturk.util.VelocityUtil.doMerge(VelocityUtil.java:34)
	at com.amazonaws.mturk.addon.HITProperties.getLifetime(HITProperties.java:243)
	at com.amazonaws.mturk.service.axis.RequesterService.createHITs(RequesterService.java:1522)
	at com.amazonaws.mturk.service.axis.RequesterService.createHITs(RequesterService.java:1403)
	at mturk.nerHit.createHIT(nerHit.java:176)
	at mturk.nerHit.getFolders(nerHit.java:102)
	at mturk.HTMLpage.main(HTMLpage.java:56)
Caused by: java.lang.ClassNotFoundException: org.apache.log.format.Formatter
	at java.net.URLClassLoader$1.run(Unknown Source)
	at java.net.URLClassLoader$1.run(Unknown Source)
	at java.security.AccessController.doPrivileged(Native Method)
	at java.net.URLClassLoader.findClass(Unknown Source)
	at java.lang.ClassLoader.loadClass(Unknown Source)
	at sun.misc.Launcher$AppClassLoader.loadClass(Unknown Source)
	at java.lang.ClassLoader.loadClass(Unknown Source)
	... 17 more
2015-03-12 23:02:26,726 - Trying to use logger class org.apache.velocity.runtime.log.Log4JLogChute
2015-03-12 23:02:26,726 - Using logger class org.apache.velocity.runtime.log.Log4JLogChute
2015-03-12 23:02:26,726 - Default ResourceManager initializing. (class org.apache.velocity.runtime.resource.ResourceManagerImpl)
2015-03-12 23:02:26,736 - ResourceLoader instantiated: org.apache.velocity.runtime.resource.loader.FileResourceLoader
2015-03-12 23:02:26,736 - Do unicode file recognition:  false
2015-03-12 23:02:26,736 - FileResourceLoader : adding path '.'
2015-03-12 23:02:26,746 - ResourceCache: initialized (class org.apache.velocity.runtime.resource.ResourceCacheImpl)
2015-03-12 23:02:26,746 - Loaded System Directive: org.apache.velocity.runtime.directive.Literal
2015-03-12 23:02:26,746 - Loaded System Directive: org.apache.velocity.runtime.directive.Macro
2015-03-12 23:02:26,746 - Loaded System Directive: org.apache.velocity.runtime.directive.Parse
2015-03-12 23:02:26,746 - Loaded System Directive: org.apache.velocity.runtime.directive.Include
2015-03-12 23:02:26,746 - Loaded System Directive: org.apache.velocity.runtime.directive.Foreach
2015-03-12 23:02:26,766 - Created '20' parsers.
2015-03-12 23:02:26,766 - Velocimacro : "velocimacro.library" is not set.  Trying default library: VM_global_library.vm
2015-03-12 23:02:26,766 - Velocimacro : Default library not found.
2015-03-12 23:02:26,766 - Velocimacro : allowInline = true : VMs can be defined inline in templates
2015-03-12 23:02:26,766 - Velocimacro : allowInlineToOverride = false : VMs defined inline may NOT replace previous VM definitions
2015-03-12 23:02:26,766 - Velocimacro : allowInlineLocal = false : VMs defined inline will be global in scope if allowed.
2015-03-12 23:02:26,766 - Velocimacro : autoload off : VM system will not automatically reload global library macros
2015-03-12 23:07:10,190 - Log4JLogChute initialized using file 'velocity.log'
2015-03-12 23:07:10,190 - Starting Apache Velocity v1.5 (compiled: 2007-02-22 08:52:29)
2015-03-12 23:07:10,190 - Default Properties File: org\apache\velocity\runtime\defaults\velocity.properties
2015-03-12 23:07:10,190 - Trying to use logger class org.apache.velocity.runtime.log.AvalonLogChute
2015-03-12 23:07:10,190 - Couldn't find class org.apache.velocity.runtime.log.AvalonLogChute or necessary supporting classes in classpath.
java.lang.NoClassDefFoundError: org/apache/log/format/Formatter
	at java.lang.Class.forName0(Native Method)
	at java.lang.Class.forName(Unknown Source)
	at org.apache.velocity.util.ClassUtils.getClass(ClassUtils.java:63)
	at org.apache.velocity.util.ClassUtils.getNewInstance(ClassUtils.java:95)
	at org.apache.velocity.runtime.log.LogManager.createLogChute(LogManager.java:147)
	at org.apache.velocity.runtime.log.LogManager.updateLog(LogManager.java:208)
	at org.apache.velocity.runtime.RuntimeInstance.initializeLog(RuntimeInstance.java:728)
	at org.apache.velocity.runtime.RuntimeInstance.init(RuntimeInstance.java:240)
	at org.apache.velocity.runtime.RuntimeSingleton.init(RuntimeSingleton.java:113)
	at org.apache.velocity.app.Velocity.init(Velocity.java:83)
	at com.amazonaws.mturk.util.VelocityUtil.doMerge(VelocityUtil.java:34)
	at com.amazonaws.mturk.addon.HITProperties.getLifetime(HITProperties.java:243)
	at com.amazonaws.mturk.service.axis.RequesterService.createHITs(RequesterService.java:1522)
	at com.amazonaws.mturk.service.axis.RequesterService.createHITs(RequesterService.java:1403)
	at mturk.nerHit.createHIT(nerHit.java:175)
	at mturk.nerHit.getFolders(nerHit.java:101)
	at mturk.HTMLpage.main(HTMLpage.java:56)
Caused by: java.lang.ClassNotFoundException: org.apache.log.format.Formatter
	at java.net.URLClassLoader$1.run(Unknown Source)
	at java.net.URLClassLoader$1.run(Unknown Source)
	at java.security.AccessController.doPrivileged(Native Method)
	at java.net.URLClassLoader.findClass(Unknown Source)
	at java.lang.ClassLoader.loadClass(Unknown Source)
	at sun.misc.Launcher$AppClassLoader.loadClass(Unknown Source)
	at java.lang.ClassLoader.loadClass(Unknown Source)
	... 17 more
2015-03-12 23:07:10,190 - Trying to use logger class org.apache.velocity.runtime.log.Log4JLogChute
2015-03-12 23:07:10,190 - Using logger class org.apache.velocity.runtime.log.Log4JLogChute
2015-03-12 23:07:10,200 - Default ResourceManager initializing. (class org.apache.velocity.runtime.resource.ResourceManagerImpl)
2015-03-12 23:07:10,200 - ResourceLoader instantiated: org.apache.velocity.runtime.resource.loader.FileResourceLoader
2015-03-12 23:07:10,200 - Do unicode file recognition:  false
2015-03-12 23:07:10,200 - FileResourceLoader : adding path '.'
2015-03-12 23:07:10,210 - ResourceCache: initialized (class org.apache.velocity.runtime.resource.ResourceCacheImpl)
2015-03-12 23:07:10,210 - Loaded System Directive: org.apache.velocity.runtime.directive.Literal
2015-03-12 23:07:10,210 - Loaded System Directive: org.apache.velocity.runtime.directive.Macro
2015-03-12 23:07:10,210 - Loaded System Directive: org.apache.velocity.runtime.directive.Parse
2015-03-12 23:07:10,210 - Loaded System Directive: org.apache.velocity.runtime.directive.Include
2015-03-12 23:07:10,210 - Loaded System Directive: org.apache.velocity.runtime.directive.Foreach
2015-03-12 23:07:10,236 - Created '20' parsers.
2015-03-12 23:07:10,240 - Velocimacro : "velocimacro.library" is not set.  Trying default library: VM_global_library.vm
2015-03-12 23:07:10,241 - Velocimacro : Default library not found.
2015-03-12 23:07:10,241 - Velocimacro : allowInline = true : VMs can be defined inline in templates
2015-03-12 23:07:10,241 - Velocimacro : allowInlineToOverride = false : VMs defined inline may NOT replace previous VM definitions
2015-03-12 23:07:10,241 - Velocimacro : allowInlineLocal = false : VMs defined inline will be global in scope if allowed.
2015-03-12 23:07:10,241 - Velocimacro : autoload off : VM system will not automatically reload global library macros
2015-03-13 00:08:10,664 - Log4JLogChute initialized using file 'velocity.log'
2015-03-13 00:08:10,664 - Starting Apache Velocity v1.5 (compiled: 2007-02-22 08:52:29)
2015-03-13 00:08:10,664 - Default Properties File: org\apache\velocity\runtime\defaults\velocity.properties
2015-03-13 00:08:10,664 - Trying to use logger class org.apache.velocity.runtime.log.AvalonLogChute
2015-03-13 00:08:10,664 - Couldn't find class org.apache.velocity.runtime.log.AvalonLogChute or necessary supporting classes in classpath.
java.lang.NoClassDefFoundError: org/apache/log/format/Formatter
	at java.lang.Class.forName0(Native Method)
	at java.lang.Class.forName(Unknown Source)
	at org.apache.velocity.util.ClassUtils.getClass(ClassUtils.java:63)
	at org.apache.velocity.util.ClassUtils.getNewInstance(ClassUtils.java:95)
	at org.apache.velocity.runtime.log.LogManager.createLogChute(LogManager.java:147)
	at org.apache.velocity.runtime.log.LogManager.updateLog(LogManager.java:208)
	at org.apache.velocity.runtime.RuntimeInstance.initializeLog(RuntimeInstance.java:728)
	at org.apache.velocity.runtime.RuntimeInstance.init(RuntimeInstance.java:240)
	at org.apache.velocity.runtime.RuntimeSingleton.init(RuntimeSingleton.java:113)
	at org.apache.velocity.app.Velocity.init(Velocity.java:83)
	at com.amazonaws.mturk.util.VelocityUtil.doMerge(VelocityUtil.java:34)
	at com.amazonaws.mturk.addon.HITProperties.getLifetime(HITProperties.java:243)
	at com.amazonaws.mturk.service.axis.RequesterService.createHITs(RequesterService.java:1522)
	at com.amazonaws.mturk.service.axis.RequesterService.createHITs(RequesterService.java:1403)
	at mturk.nerHit.createHIT(nerHit.java:165)
	at mturk.nerHit.getFolders(nerHit.java:96)
	at mturk.HTMLpage.main(HTMLpage.java:47)
Caused by: java.lang.ClassNotFoundException: org.apache.log.format.Formatter
	at java.net.URLClassLoader$1.run(Unknown Source)
	at java.net.URLClassLoader$1.run(Unknown Source)
	at java.security.AccessController.doPrivileged(Native Method)
	at java.net.URLClassLoader.findClass(Unknown Source)
	at java.lang.ClassLoader.loadClass(Unknown Source)
	at sun.misc.Launcher$AppClassLoader.loadClass(Unknown Source)
	at java.lang.ClassLoader.loadClass(Unknown Source)
	... 17 more
2015-03-13 00:08:10,674 - Trying to use logger class org.apache.velocity.runtime.log.Log4JLogChute
2015-03-13 00:08:10,674 - Using logger class org.apache.velocity.runtime.log.Log4JLogChute
2015-03-13 00:08:10,674 - Default ResourceManager initializing. (class org.apache.velocity.runtime.resource.ResourceManagerImpl)
2015-03-13 00:08:10,674 - ResourceLoader instantiated: org.apache.velocity.runtime.resource.loader.FileResourceLoader
2015-03-13 00:08:10,674 - Do unicode file recognition:  false
2015-03-13 00:08:10,674 - FileResourceLoader : adding path '.'
2015-03-13 00:08:10,684 - ResourceCache: initialized (class org.apache.velocity.runtime.resource.ResourceCacheImpl)
2015-03-13 00:08:10,694 - Loaded System Directive: org.apache.velocity.runtime.directive.Literal
2015-03-13 00:08:10,694 - Loaded System Directive: org.apache.velocity.runtime.directive.Macro
2015-03-13 00:08:10,694 - Loaded System Directive: org.apache.velocity.runtime.directive.Parse
2015-03-13 00:08:10,694 - Loaded System Directive: org.apache.velocity.runtime.directive.Include
2015-03-13 00:08:10,694 - Loaded System Directive: org.apache.velocity.runtime.directive.Foreach
2015-03-13 00:08:10,714 - Created '20' parsers.
2015-03-13 00:08:10,714 - Velocimacro : "velocimacro.library" is not set.  Trying default library: VM_global_library.vm
2015-03-13 00:08:10,714 - Velocimacro : Default library not found.
2015-03-13 00:08:10,714 - Velocimacro : allowInline = true : VMs can be defined inline in templates
2015-03-13 00:08:10,714 - Velocimacro : allowInlineToOverride = false : VMs defined inline may NOT replace previous VM definitions
2015-03-13 00:08:10,714 - Velocimacro : allowInlineLocal = false : VMs defined inline will be global in scope if allowed.
2015-03-13 00:08:10,714 - Velocimacro : autoload off : VM system will not automatically reload global library macros
2015-03-13 00:12:37,296 - Log4JLogChute initialized using file 'velocity.log'
2015-03-13 00:12:37,296 - Starting Apache Velocity v1.5 (compiled: 2007-02-22 08:52:29)
2015-03-13 00:12:37,296 - Default Properties File: org\apache\velocity\runtime\defaults\velocity.properties
2015-03-13 00:12:37,296 - Trying to use logger class org.apache.velocity.runtime.log.AvalonLogChute
2015-03-13 00:12:37,296 - Couldn't find class org.apache.velocity.runtime.log.AvalonLogChute or necessary supporting classes in classpath.
java.lang.NoClassDefFoundError: org/apache/log/format/Formatter
	at java.lang.Class.forName0(Native Method)
	at java.lang.Class.forName(Unknown Source)
	at org.apache.velocity.util.ClassUtils.getClass(ClassUtils.java:63)
	at org.apache.velocity.util.ClassUtils.getNewInstance(ClassUtils.java:95)
	at org.apache.velocity.runtime.log.LogManager.createLogChute(LogManager.java:147)
	at org.apache.velocity.runtime.log.LogManager.updateLog(LogManager.java:208)
	at org.apache.velocity.runtime.RuntimeInstance.initializeLog(RuntimeInstance.java:728)
	at org.apache.velocity.runtime.RuntimeInstance.init(RuntimeInstance.java:240)
	at org.apache.velocity.runtime.RuntimeSingleton.init(RuntimeSingleton.java:113)
	at org.apache.velocity.app.Velocity.init(Velocity.java:83)
	at com.amazonaws.mturk.util.VelocityUtil.doMerge(VelocityUtil.java:34)
	at com.amazonaws.mturk.addon.HITProperties.getLifetime(HITProperties.java:243)
	at com.amazonaws.mturk.service.axis.RequesterService.createHITs(RequesterService.java:1522)
	at com.amazonaws.mturk.service.axis.RequesterService.createHITs(RequesterService.java:1403)
	at mturk.nerHit.createHIT(nerHit.java:165)
	at mturk.nerHit.getFolders(nerHit.java:96)
	at mturk.HTMLpage.main(HTMLpage.java:47)
Caused by: java.lang.ClassNotFoundException: org.apache.log.format.Formatter
	at java.net.URLClassLoader$1.run(Unknown Source)
	at java.net.URLClassLoader$1.run(Unknown Source)
	at java.security.AccessController.doPrivileged(Native Method)
	at java.net.URLClassLoader.findClass(Unknown Source)
	at java.lang.ClassLoader.loadClass(Unknown Source)
	at sun.misc.Launcher$AppClassLoader.loadClass(Unknown Source)
	at java.lang.ClassLoader.loadClass(Unknown Source)
	... 17 more
2015-03-13 00:12:37,296 - Trying to use logger class org.apache.velocity.runtime.log.Log4JLogChute
2015-03-13 00:12:37,296 - Using logger class org.apache.velocity.runtime.log.Log4JLogChute
2015-03-13 00:12:37,296 - Default ResourceManager initializing. (class org.apache.velocity.runtime.resource.ResourceManagerImpl)
2015-03-13 00:12:37,306 - ResourceLoader instantiated: org.apache.velocity.runtime.resource.loader.FileResourceLoader
2015-03-13 00:12:37,306 - Do unicode file recognition:  false
2015-03-13 00:12:37,306 - FileResourceLoader : adding path '.'
2015-03-13 00:12:37,316 - ResourceCache: initialized (class org.apache.velocity.runtime.resource.ResourceCacheImpl)
2015-03-13 00:12:37,316 - Loaded System Directive: org.apache.velocity.runtime.directive.Literal
2015-03-13 00:12:37,316 - Loaded System Directive: org.apache.velocity.runtime.directive.Macro
2015-03-13 00:12:37,316 - Loaded System Directive: org.apache.velocity.runtime.directive.Parse
2015-03-13 00:12:37,326 - Loaded System Directive: org.apache.velocity.runtime.directive.Include
2015-03-13 00:12:37,326 - Loaded System Directive: org.apache.velocity.runtime.directive.Foreach
2015-03-13 00:12:37,336 - Created '20' parsers.
2015-03-13 00:12:37,346 - Velocimacro : "velocimacro.library" is not set.  Trying default library: VM_global_library.vm
2015-03-13 00:12:37,346 - Velocimacro : Default library not found.
2015-03-13 00:12:37,346 - Velocimacro : allowInline = true : VMs can be defined inline in templates
2015-03-13 00:12:37,346 - Velocimacro : allowInlineToOverride = false : VMs defined inline may NOT replace previous VM definitions
2015-03-13 00:12:37,346 - Velocimacro : allowInlineLocal = false : VMs defined inline will be global in scope if allowed.
2015-03-13 00:12:37,346 - Velocimacro : autoload off : VM system will not automatically reload global library macros
2015-03-13 00:13:15,523 - Log4JLogChute initialized using file 'velocity.log'
2015-03-13 00:13:15,533 - Starting Apache Velocity v1.5 (compiled: 2007-02-22 08:52:29)
2015-03-13 00:13:15,533 - Default Properties File: org\apache\velocity\runtime\defaults\velocity.properties
2015-03-13 00:13:15,533 - Trying to use logger class org.apache.velocity.runtime.log.AvalonLogChute
2015-03-13 00:13:15,533 - Couldn't find class org.apache.velocity.runtime.log.AvalonLogChute or necessary supporting classes in classpath.
java.lang.NoClassDefFoundError: org/apache/log/format/Formatter
	at java.lang.Class.forName0(Native Method)
	at java.lang.Class.forName(Unknown Source)
	at org.apache.velocity.util.ClassUtils.getClass(ClassUtils.java:63)
	at org.apache.velocity.util.ClassUtils.getNewInstance(ClassUtils.java:95)
	at org.apache.velocity.runtime.log.LogManager.createLogChute(LogManager.java:147)
	at org.apache.velocity.runtime.log.LogManager.updateLog(LogManager.java:208)
	at org.apache.velocity.runtime.RuntimeInstance.initializeLog(RuntimeInstance.java:728)
	at org.apache.velocity.runtime.RuntimeInstance.init(RuntimeInstance.java:240)
	at org.apache.velocity.runtime.RuntimeSingleton.init(RuntimeSingleton.java:113)
	at org.apache.velocity.app.Velocity.init(Velocity.java:83)
	at com.amazonaws.mturk.util.VelocityUtil.doMerge(VelocityUtil.java:34)
	at com.amazonaws.mturk.addon.HITProperties.getLifetime(HITProperties.java:243)
	at com.amazonaws.mturk.service.axis.RequesterService.createHITs(RequesterService.java:1522)
	at com.amazonaws.mturk.service.axis.RequesterService.createHITs(RequesterService.java:1403)
	at mturk.nerHit.createHIT(nerHit.java:165)
	at mturk.nerHit.getFolders(nerHit.java:96)
	at mturk.HTMLpage.main(HTMLpage.java:47)
Caused by: java.lang.ClassNotFoundException: org.apache.log.format.Formatter
	at java.net.URLClassLoader$1.run(Unknown Source)
	at java.net.URLClassLoader$1.run(Unknown Source)
	at java.security.AccessController.doPrivileged(Native Method)
	at java.net.URLClassLoader.findClass(Unknown Source)
	at java.lang.ClassLoader.loadClass(Unknown Source)
	at sun.misc.Launcher$AppClassLoader.loadClass(Unknown Source)
	at java.lang.ClassLoader.loadClass(Unknown Source)
	... 17 more
2015-03-13 00:13:15,533 - Trying to use logger class org.apache.velocity.runtime.log.Log4JLogChute
2015-03-13 00:13:15,533 - Using logger class org.apache.velocity.runtime.log.Log4JLogChute
2015-03-13 00:13:15,533 - Default ResourceManager initializing. (class org.apache.velocity.runtime.resource.ResourceManagerImpl)
2015-03-13 00:13:15,533 - ResourceLoader instantiated: org.apache.velocity.runtime.resource.loader.FileResourceLoader
2015-03-13 00:13:15,533 - Do unicode file recognition:  false
2015-03-13 00:13:15,533 - FileResourceLoader : adding path '.'
2015-03-13 00:13:15,543 - ResourceCache: initialized (class org.apache.velocity.runtime.resource.ResourceCacheImpl)
2015-03-13 00:13:15,543 - Loaded System Directive: org.apache.velocity.runtime.directive.Literal
2015-03-13 00:13:15,553 - Loaded System Directive: org.apache.velocity.runtime.directive.Macro
2015-03-13 00:13:15,553 - Loaded System Directive: org.apache.velocity.runtime.directive.Parse
2015-03-13 00:13:15,553 - Loaded System Directive: org.apache.velocity.runtime.directive.Include
2015-03-13 00:13:15,553 - Loaded System Directive: org.apache.velocity.runtime.directive.Foreach
2015-03-13 00:13:15,573 - Created '20' parsers.
2015-03-13 00:13:15,573 - Velocimacro : "velocimacro.library" is not set.  Trying default library: VM_global_library.vm
2015-03-13 00:13:15,573 - Velocimacro : Default library not found.
2015-03-13 00:13:15,573 - Velocimacro : allowInline = true : VMs can be defined inline in templates
2015-03-13 00:13:15,573 - Velocimacro : allowInlineToOverride = false : VMs defined inline may NOT replace previous VM definitions
2015-03-13 00:13:15,573 - Velocimacro : allowInlineLocal = false : VMs defined inline will be global in scope if allowed.
2015-03-13 00:13:15,573 - Velocimacro : autoload off : VM system will not automatically reload global library macros
2015-03-13 00:26:32,376 - Log4JLogChute initialized using file 'velocity.log'
2015-03-13 00:26:32,376 - Starting Apache Velocity v1.5 (compiled: 2007-02-22 08:52:29)
2015-03-13 00:26:32,376 - Default Properties File: org\apache\velocity\runtime\defaults\velocity.properties
2015-03-13 00:26:32,376 - Trying to use logger class org.apache.velocity.runtime.log.AvalonLogChute
2015-03-13 00:26:32,376 - Couldn't find class org.apache.velocity.runtime.log.AvalonLogChute or necessary supporting classes in classpath.
java.lang.NoClassDefFoundError: org/apache/log/format/Formatter
	at java.lang.Class.forName0(Native Method)
	at java.lang.Class.forName(Unknown Source)
	at org.apache.velocity.util.ClassUtils.getClass(ClassUtils.java:63)
	at org.apache.velocity.util.ClassUtils.getNewInstance(ClassUtils.java:95)
	at org.apache.velocity.runtime.log.LogManager.createLogChute(LogManager.java:147)
	at org.apache.velocity.runtime.log.LogManager.updateLog(LogManager.java:208)
	at org.apache.velocity.runtime.RuntimeInstance.initializeLog(RuntimeInstance.java:728)
	at org.apache.velocity.runtime.RuntimeInstance.init(RuntimeInstance.java:240)
	at org.apache.velocity.runtime.RuntimeSingleton.init(RuntimeSingleton.java:113)
	at org.apache.velocity.app.Velocity.init(Velocity.java:83)
	at com.amazonaws.mturk.util.VelocityUtil.doMerge(VelocityUtil.java:34)
	at com.amazonaws.mturk.addon.HITProperties.getLifetime(HITProperties.java:243)
	at com.amazonaws.mturk.service.axis.RequesterService.createHITs(RequesterService.java:1522)
	at com.amazonaws.mturk.service.axis.RequesterService.createHITs(RequesterService.java:1403)
	at mturk.nerHit.createHIT(nerHit.java:165)
	at mturk.nerHit.getFolders(nerHit.java:96)
	at mturk.HTMLpage.main(HTMLpage.java:47)
Caused by: java.lang.ClassNotFoundException: org.apache.log.format.Formatter
	at java.net.URLClassLoader$1.run(Unknown Source)
	at java.net.URLClassLoader$1.run(Unknown Source)
	at java.security.AccessController.doPrivileged(Native Method)
	at java.net.URLClassLoader.findClass(Unknown Source)
	at java.lang.ClassLoader.loadClass(Unknown Source)
	at sun.misc.Launcher$AppClassLoader.loadClass(Unknown Source)
	at java.lang.ClassLoader.loadClass(Unknown Source)
	... 17 more
2015-03-13 00:26:32,376 - Trying to use logger class org.apache.velocity.runtime.log.Log4JLogChute
2015-03-13 00:26:32,376 - Using logger class org.apache.velocity.runtime.log.Log4JLogChute
2015-03-13 00:26:32,376 - Default ResourceManager initializing. (class org.apache.velocity.runtime.resource.ResourceManagerImpl)
2015-03-13 00:26:32,386 - ResourceLoader instantiated: org.apache.velocity.runtime.resource.loader.FileResourceLoader
2015-03-13 00:26:32,386 - Do unicode file recognition:  false
2015-03-13 00:26:32,386 - FileResourceLoader : adding path '.'
2015-03-13 00:26:32,396 - ResourceCache: initialized (class org.apache.velocity.runtime.resource.ResourceCacheImpl)
2015-03-13 00:26:32,396 - Loaded System Directive: org.apache.velocity.runtime.directive.Literal
2015-03-13 00:26:32,396 - Loaded System Directive: org.apache.velocity.runtime.directive.Macro
2015-03-13 00:26:32,396 - Loaded System Directive: org.apache.velocity.runtime.directive.Parse
2015-03-13 00:26:32,396 - Loaded System Directive: org.apache.velocity.runtime.directive.Include
2015-03-13 00:26:32,396 - Loaded System Directive: org.apache.velocity.runtime.directive.Foreach
2015-03-13 00:26:32,416 - Created '20' parsers.
2015-03-13 00:26:32,426 - Velocimacro : "velocimacro.library" is not set.  Trying default library: VM_global_library.vm
2015-03-13 00:26:32,426 - Velocimacro : Default library not found.
2015-03-13 00:26:32,426 - Velocimacro : allowInline = true : VMs can be defined inline in templates
2015-03-13 00:26:32,426 - Velocimacro : allowInlineToOverride = false : VMs defined inline may NOT replace previous VM definitions
2015-03-13 00:26:32,426 - Velocimacro : allowInlineLocal = false : VMs defined inline will be global in scope if allowed.
2015-03-13 00:26:32,426 - Velocimacro : autoload off : VM system will not automatically reload global library macros
